Started GET "/todo" for ::1 at 2019-06-12 11:34:45 +0700
  
ActiveRecord::PendingMigrationError (

Migrations are pending. To resolve this issue, run:

        bin/rails db:migrate RAILS_ENV=development

):
  
activerecord (5.1.7) lib/active_record/migration.rb:576:in `check_pending!'
activerecord (5.1.7) lib/active_record/migration.rb:553:in `call'
actionpack (5.1.7) lib/action_dispatch/middleware/callbacks.rb:26:in `block in call'
activesupport (5.1.7) lib/active_support/callbacks.rb:97:in `run_callbacks'
actionpack (5.1.7) lib/action_dispatch/middleware/callbacks.rb:24:in `call'
actionpack (5.1.7) lib/action_dispatch/middleware/executor.rb:12:in `call'
actionpack (5.1.7) lib/action_dispatch/middleware/debug_exceptions.rb:59:in `call'
actionpack (5.1.7) lib/action_dispatch/middleware/show_exceptions.rb:31:in `call'
railties (5.1.7) lib/rails/rack/logger.rb:36:in `call_app'
railties (5.1.7) lib/rails/rack/logger.rb:24:in `block in call'
activesupport (5.1.7) lib/active_support/tagged_logging.rb:69:in `block in tagged'
activesupport (5.1.7) lib/active_support/tagged_logging.rb:26:in `tagged'
activesupport (5.1.7) lib/active_support/tagged_logging.rb:69:in `tagged'
railties (5.1.7) lib/rails/rack/logger.rb:24:in `call'
actionpack (5.1.7) lib/action_dispatch/middleware/remote_ip.rb:79:in `call'
actionpack (5.1.7) lib/action_dispatch/middleware/request_id.rb:25:in `call'
rack (2.0.7) lib/rack/runtime.rb:22:in `call'
activesupport (5.1.7) lib/active_support/cache/strategy/local_cache_middleware.rb:27:in `call'
actionpack (5.1.7) lib/action_dispatch/middleware/executor.rb:12:in `call'
actionpack (5.1.7) lib/action_dispatch/middleware/static.rb:125:in `call'
rack (2.0.7) lib/rack/sendfile.rb:111:in `call'
railties (5.1.7) lib/rails/engine.rb:522:in `call'
puma (3.12.1) lib/puma/configuration.rb:227:in `call'
puma (3.12.1) lib/puma/server.rb:660:in `handle_request'
puma (3.12.1) lib/puma/server.rb:474:in `process_client'
puma (3.12.1) lib/puma/server.rb:334:in `block in run'
puma (3.12.1) lib/puma/thread_pool.rb:135:in `block in spawn_thread'
  [1m[35m (0.1ms)[0m  [1m[34mSELECT sqlite_version(*)[0m
  [1m[35m (103.8ms)[0m  [1m[35mCREATE TABLE "schema_migrations" ("version" varchar NOT NULL PRIMARY KEY)[0m
  [1m[35m (167.1ms)[0m  [1m[35mCREATE TABLE "ar_internal_metadata" ("key" varchar NOT NULL PRIMARY KEY, "value" varchar, "created_at" datetime NOT NULL, "updated_at" datetime NOT NULL)[0m
  [1m[35m (0.2ms)[0m  [1m[34mSELECT "schema_migrations"."version" FROM "schema_migrations" ORDER BY "schema_migrations"."version" ASC[0m
Migrating to CreateTodos (20190612041848)
  [1m[35m (0.1ms)[0m  [1m[36mbegin transaction[0m
  [1m[35m (0.8ms)[0m  [1m[35mCREATE TABLE "todos" ("id" INTEGER PRIMARY KEY AUTOINCREMENT NOT NULL, "title" varchar, "done_flag" varchar, "deadline" date, "created_at" datetime NOT NULL, "updated_at" datetime NOT NULL)[0m
  [1m[35mSQL (0.3ms)[0m  [1m[32mINSERT INTO "schema_migrations" ("version") VALUES (?)[0m  [["version", "20190612041848"]]
  [1m[35m (132.8ms)[0m  [1m[36mcommit transaction[0m
  [1m[36mActiveRecord::InternalMetadata Load (0.2ms)[0m  [1m[34mSELECT  "ar_internal_metadata".* FROM "ar_internal_metadata" WHERE "ar_internal_metadata"."key" = ? LIMIT ?[0m  [["key", "environment"], ["LIMIT", 1]]
  [1m[35m (0.1ms)[0m  [1m[36mbegin transaction[0m
  [1m[35mSQL (0.5ms)[0m  [1m[32mINSERT INTO "ar_internal_metadata" ("key", "value", "created_at", "updated_at") VALUES (?, ?, ?, ?)[0m  [["key", "environment"], ["value", "development"], ["created_at", "2019-06-12 04:35:27.062640"], ["updated_at", "2019-06-12 04:35:27.062640"]]
  [1m[35m (74.5ms)[0m  [1m[36mcommit transaction[0m
  [1m[35m (0.3ms)[0m  [1m[34mSELECT "schema_migrations"."version" FROM "schema_migrations" ORDER BY "schema_migrations"."version" ASC[0m
Started GET "/todo" for ::1 at 2019-06-12 11:38:04 +0700
  [1m[35m (0.4ms)[0m  [1m[34mSELECT "schema_migrations"."version" FROM "schema_migrations" ORDER BY "schema_migrations"."version" ASC[0m
Processing by TodoController#index as */*
  [1m[36mTodo Load (0.3ms)[0m  [1m[34mSELECT  "todos".* FROM "todos" LIMIT ?[0m  [["LIMIT", 11]]
Completed 500 Internal Server Error in 108ms (ActiveRecord: 0.0ms)


  
  [1m[36mTodo Load (0.2ms)[0m  [1m[34mSELECT  "todos".* FROM "todos" LIMIT ?[0m  [["LIMIT", 11]]
NoMethodError (undefined method `json_response' for #<TodoController:0xb4cd16e4>):
  
app/controllers/todo_controller.rb:7:in `index'
  [1m[36mTodo Load (0.2ms)[0m  [1m[34mSELECT  "todos".* FROM "todos" LIMIT ?[0m  [["LIMIT", 11]]
Started GET "/todo" for ::1 at 2019-06-12 11:40:25 +0700
  
SyntaxError (/home/pengusaha/Documents/daya dimensi test/fullstack-coding-test/backend/solution/todo-list/app/controllers/todo_controller.rb:8: syntax error, unexpected tLABEL, expecting keyword_end
r json: @todos.as_json status: 200
                              ^):
  
app/controllers/todo_controller.rb:8: syntax error, unexpected tLABEL, expecting keyword_end
Started GET "/todo" for ::1 at 2019-06-12 11:41:32 +0700
  [1m[35m (0.3ms)[0m  [1m[34mSELECT "schema_migrations"."version" FROM "schema_migrations" ORDER BY "schema_migrations"."version" ASC[0m
Processing by TodoController#index as */*
  [1m[36mTodo Load (0.3ms)[0m  [1m[34mSELECT "todos".* FROM "todos"[0m
Completed 200 OK in 15ms (Views: 0.5ms | ActiveRecord: 0.9ms)


Started POST "/todo" for ::1 at 2019-06-12 11:50:37 +0700
Error occurred while parsing request parameters.
Contents:

{
	'title' : 'First Title',
	'done_flag' : 'false',
	'deadline' : 2019-06-12,
}
  
ActionDispatch::Http::Parameters::ParseError (743: unexpected token at '{
	'title' : 'First Title',
	'done_flag' : 'false',
	'deadline' : 2019-06-12,
}'):
  
actionpack (5.1.7) lib/action_dispatch/http/parameters.rb:115:in `rescue in parse_formatted_parameters'
actionpack (5.1.7) lib/action_dispatch/http/parameters.rb:109:in `parse_formatted_parameters'
actionpack (5.1.7) lib/action_dispatch/http/request.rb:361:in `block in POST'
rack (2.0.7) lib/rack/request.rb:59:in `fetch'
rack (2.0.7) lib/rack/request.rb:59:in `fetch_header'
actionpack (5.1.7) lib/action_dispatch/http/request.rb:360:in `POST'
actionpack (5.1.7) lib/action_controller/metal/params_wrapper.rb:286:in `_wrapper_enabled?'
actionpack (5.1.7) lib/action_controller/metal/params_wrapper.rb:235:in `process_action'
activerecord (5.1.7) lib/active_record/railties/controller_runtime.rb:22:in `process_action'
actionpack (5.1.7) lib/abstract_controller/base.rb:124:in `process'
actionpack (5.1.7) lib/action_controller/metal.rb:189:in `dispatch'
actionpack (5.1.7) lib/action_controller/metal.rb:253:in `dispatch'
actionpack (5.1.7) lib/action_dispatch/routing/route_set.rb:49:in `dispatch'
actionpack (5.1.7) lib/action_dispatch/routing/route_set.rb:31:in `serve'
actionpack (5.1.7) lib/action_dispatch/journey/router.rb:50:in `block in serve'
actionpack (5.1.7) lib/action_dispatch/journey/router.rb:33:in `each'
actionpack (5.1.7) lib/action_dispatch/journey/router.rb:33:in `serve'
actionpack (5.1.7) lib/action_dispatch/routing/route_set.rb:844:in `call'
rack (2.0.7) lib/rack/etag.rb:25:in `call'
rack (2.0.7) lib/rack/conditional_get.rb:38:in `call'
rack (2.0.7) lib/rack/head.rb:12:in `call'
activerecord (5.1.7) lib/active_record/migration.rb:556:in `call'
actionpack (5.1.7) lib/action_dispatch/middleware/callbacks.rb:26:in `block in call'
activesupport (5.1.7) lib/active_support/callbacks.rb:97:in `run_callbacks'
actionpack (5.1.7) lib/action_dispatch/middleware/callbacks.rb:24:in `call'
actionpack (5.1.7) lib/action_dispatch/middleware/executor.rb:12:in `call'
actionpack (5.1.7) lib/action_dispatch/middleware/debug_exceptions.rb:59:in `call'
actionpack (5.1.7) lib/action_dispatch/middleware/show_exceptions.rb:31:in `call'
railties (5.1.7) lib/rails/rack/logger.rb:36:in `call_app'
railties (5.1.7) lib/rails/rack/logger.rb:24:in `block in call'
activesupport (5.1.7) lib/active_support/tagged_logging.rb:69:in `block in tagged'
activesupport (5.1.7) lib/active_support/tagged_logging.rb:26:in `tagged'
activesupport (5.1.7) lib/active_support/tagged_logging.rb:69:in `tagged'
railties (5.1.7) lib/rails/rack/logger.rb:24:in `call'
actionpack (5.1.7) lib/action_dispatch/middleware/remote_ip.rb:79:in `call'
actionpack (5.1.7) lib/action_dispatch/middleware/request_id.rb:25:in `call'
rack (2.0.7) lib/rack/runtime.rb:22:in `call'
activesupport (5.1.7) lib/active_support/cache/strategy/local_cache_middleware.rb:27:in `call'
actionpack (5.1.7) lib/action_dispatch/middleware/executor.rb:12:in `call'
actionpack (5.1.7) lib/action_dispatch/middleware/static.rb:125:in `call'
rack (2.0.7) lib/rack/sendfile.rb:111:in `call'
railties (5.1.7) lib/rails/engine.rb:522:in `call'
puma (3.12.1) lib/puma/configuration.rb:227:in `call'
puma (3.12.1) lib/puma/server.rb:660:in `handle_request'
puma (3.12.1) lib/puma/server.rb:474:in `process_client'
puma (3.12.1) lib/puma/server.rb:334:in `block in run'
puma (3.12.1) lib/puma/thread_pool.rb:135:in `block in spawn_thread'
Started POST "/todo" for ::1 at 2019-06-12 11:53:08 +0700
Processing by TodoController#create as */*
  Parameters: {"title"=>"First Title", "deadline"=>"2019-06-12", "todo"=>{"title"=>"First Title", "deadline"=>"2019-06-12"}}
Unpermitted parameter: :todo
  [1m[35m (0.1ms)[0m  [1m[36mbegin transaction[0m
  [1m[35mSQL (24.4ms)[0m  [1m[32mINSERT INTO "todos" ("title", "deadline", "created_at", "updated_at") VALUES (?, ?, ?, ?)[0m  [["title", "First Title"], ["deadline", "2019-06-12"], ["created_at", "2019-06-12 04:53:08.121574"], ["updated_at", "2019-06-12 04:53:08.121574"]]
  [1m[35m (197.2ms)[0m  [1m[36mcommit transaction[0m
Completed 201 Created in 250ms (Views: 0.2ms | ActiveRecord: 223.9ms)


Started GET "/todo" for ::1 at 2019-06-12 11:53:32 +0700
Processing by TodoController#index as */*
  Parameters: {"todo"=>{}}
  [1m[36mTodo Load (0.3ms)[0m  [1m[34mSELECT "todos".* FROM "todos"[0m
Completed 200 OK in 93ms (Views: 0.4ms | ActiveRecord: 0.3ms)


Started POST "/todo" for ::1 at 2019-06-12 11:57:06 +0700
  [1m[35m (0.3ms)[0m  [1m[34mSELECT "schema_migrations"."version" FROM "schema_migrations" ORDER BY "schema_migrations"."version" ASC[0m
Processing by TodoController#create as */*
  Parameters: {"title"=>"First Title", "deadline"=>"2019-06-12", "todo"=>{"title"=>"First Title", "deadline"=>"2019-06-12"}}
Unpermitted parameter: :todo
  [1m[35m (0.1ms)[0m  [1m[36mbegin transaction[0m
  [1m[35mSQL (0.9ms)[0m  [1m[32mINSERT INTO "todos" ("title", "deadline", "created_at", "updated_at") VALUES (?, ?, ?, ?)[0m  [["title", "First Title"], ["deadline", "2019-06-12"], ["created_at", "2019-06-12 04:57:06.429030"], ["updated_at", "2019-06-12 04:57:06.429030"]]
  [1m[35m (188.0ms)[0m  [1m[36mcommit transaction[0m
Completed 201 Created in 195ms (Views: 0.4ms | ActiveRecord: 189.0ms)


Started GET "/todo" for ::1 at 2019-06-12 11:57:12 +0700
Processing by TodoController#index as */*
  Parameters: {"todo"=>{}}
  [1m[36mTodo Load (0.3ms)[0m  [1m[34mSELECT "todos".* FROM "todos"[0m
Completed 200 OK in 3ms (Views: 0.8ms | ActiveRecord: 0.3ms)


  [1m[35m (0.2ms)[0m  [1m[34mSELECT "schema_migrations"."version" FROM "schema_migrations" ORDER BY "schema_migrations"."version" ASC[0m
  [1m[35m (0.1ms)[0m  [1m[34mSELECT "schema_migrations"."version" FROM "schema_migrations" ORDER BY "schema_migrations"."version" ASC[0m
Migrating to CreateTodos (20190612041848)
  [1m[35m (0.1ms)[0m  [1m[36mbegin transaction[0m
  [1m[35m (19.6ms)[0m  [1m[35mDROP TABLE "todos"[0m
  [1m[35mSQL (0.5ms)[0m  [1m[31mDELETE FROM "schema_migrations" WHERE "schema_migrations"."version" = ?[0m  [["version", "20190612041848"]]
  [1m[35m (85.0ms)[0m  [1m[36mcommit transaction[0m
  [1m[35m (0.2ms)[0m  [1m[34mSELECT "schema_migrations"."version" FROM "schema_migrations" ORDER BY "schema_migrations"."version" ASC[0m
  [1m[35m (0.2ms)[0m  [1m[34mSELECT "schema_migrations"."version" FROM "schema_migrations" ORDER BY "schema_migrations"."version" ASC[0m
Migrating to CreateTodos (20190612041848)
  [1m[35m (0.1ms)[0m  [1m[36mbegin transaction[0m
  [1m[35m (0.1ms)[0m  [1m[34mSELECT sqlite_version(*)[0m
  [1m[35m (0.7ms)[0m  [1m[35mCREATE TABLE "todos" ("id" INTEGER PRIMARY KEY AUTOINCREMENT NOT NULL, "title" varchar, "done_flag" varchar DEFAULT 'false', "deadline" date, "created_at" datetime NOT NULL, "updated_at" datetime NOT NULL)[0m
  [1m[35mSQL (0.3ms)[0m  [1m[32mINSERT INTO "schema_migrations" ("version") VALUES (?)[0m  [["version", "20190612041848"]]
  [1m[35m (66.1ms)[0m  [1m[36mcommit transaction[0m
  [1m[36mActiveRecord::InternalMetadata Load (0.2ms)[0m  [1m[34mSELECT  "ar_internal_metadata".* FROM "ar_internal_metadata" WHERE "ar_internal_metadata"."key" = ? LIMIT ?[0m  [["key", "environment"], ["LIMIT", 1]]
  [1m[35m (0.1ms)[0m  [1m[36mbegin transaction[0m
  [1m[35m (0.1ms)[0m  [1m[36mcommit transaction[0m
  [1m[35m (0.1ms)[0m  [1m[34mSELECT "schema_migrations"."version" FROM "schema_migrations" ORDER BY "schema_migrations"."version" ASC[0m
Started GET "/todo" for ::1 at 2019-06-12 11:57:49 +0700
  [1m[35m (0.3ms)[0m  [1m[34mSELECT "schema_migrations"."version" FROM "schema_migrations" ORDER BY "schema_migrations"."version" ASC[0m
Processing by TodoController#index as */*
  Parameters: {"todo"=>{}}
  [1m[36mTodo Load (0.2ms)[0m  [1m[34mSELECT "todos".* FROM "todos"[0m
Completed 200 OK in 2ms (Views: 0.2ms | ActiveRecord: 0.8ms)


Started POST "/todo" for ::1 at 2019-06-12 11:57:55 +0700
Processing by TodoController#create as */*
  Parameters: {"title"=>"First Title", "deadline"=>"2019-06-12", "todo"=>{"title"=>"First Title", "deadline"=>"2019-06-12"}}
Unpermitted parameter: :todo
  [1m[35m (0.1ms)[0m  [1m[36mbegin transaction[0m
  [1m[35mSQL (2.9ms)[0m  [1m[32mINSERT INTO "todos" ("title", "deadline", "created_at", "updated_at") VALUES (?, ?, ?, ?)[0m  [["title", "First Title"], ["deadline", "2019-06-12"], ["created_at", "2019-06-12 04:57:55.445720"], ["updated_at", "2019-06-12 04:57:55.445720"]]
  [1m[35m (187.2ms)[0m  [1m[36mcommit transaction[0m
Completed 201 Created in 218ms (Views: 0.3ms | ActiveRecord: 191.6ms)


Started GET "/todo" for ::1 at 2019-06-12 11:57:59 +0700
Processing by TodoController#index as */*
  Parameters: {"todo"=>{}}
  [1m[36mTodo Load (0.3ms)[0m  [1m[34mSELECT "todos".* FROM "todos"[0m
Completed 200 OK in 4ms (Views: 1.1ms | ActiveRecord: 0.3ms)


Started POST "/todo" for ::1 at 2019-06-12 12:56:56 +0700
Processing by TodoController#create as */*
  Parameters: {"title"=>"First Title", "deadline"=>"2019-06-12", "todo"=>{"title"=>"First Title", "deadline"=>"2019-06-12"}}
Unpermitted parameter: :todo
  [1m[35m (0.1ms)[0m  [1m[36mbegin transaction[0m
  [1m[35mSQL (0.8ms)[0m  [1m[32mINSERT INTO "todos" ("title", "deadline", "created_at", "updated_at") VALUES (?, ?, ?, ?)[0m  [["title", "First Title"], ["deadline", "2019-06-12"], ["created_at", "2019-06-12 05:56:56.686943"], ["updated_at", "2019-06-12 05:56:56.686943"]]
  [1m[35m (77.3ms)[0m  [1m[36mcommit transaction[0m
Completed 201 Created in 101ms (Views: 1.5ms | ActiveRecord: 80.4ms)


Started GET "/todo" for ::1 at 2019-06-12 12:57:27 +0700
Processing by TodoController#index as */*
  Parameters: {"todo"=>{}}
  [1m[36mTodo Load (0.7ms)[0m  [1m[34mSELECT "todos".* FROM "todos"[0m
Completed 200 OK in 28ms (Views: 0.7ms | ActiveRecord: 0.7ms)


Started GET "/todo/1" for ::1 at 2019-06-12 12:57:51 +0700
Processing by TodoController#show as */*
  Parameters: {"id"=>"1", "todo"=>{}}
  [1m[36mTodo Load (0.4ms)[0m  [1m[34mSELECT  "todos".* FROM "todos" WHERE "todos"."id" = ? LIMIT ?[0m  [["id", 1], ["LIMIT", 1]]
Completed 200 OK in 480ms (Views: 0.4ms | ActiveRecord: 1.8ms)


Started GET "/todo/2" for ::1 at 2019-06-12 12:57:57 +0700
Processing by TodoController#show as */*
  Parameters: {"id"=>"2", "todo"=>{}}
  [1m[36mTodo Load (0.2ms)[0m  [1m[34mSELECT  "todos".* FROM "todos" WHERE "todos"."id" = ? LIMIT ?[0m  [["id", 2], ["LIMIT", 1]]
Completed 200 OK in 2ms (Views: 0.5ms | ActiveRecord: 0.2ms)


Started PUT "/todo/1" for ::1 at 2019-06-12 13:04:15 +0700
Processing by TodoController#update as */*
  Parameters: {"done_flag"=>"true", "id"=>"1", "todo"=>{"done_flag"=>"true"}}
  [1m[36mTodo Load (0.4ms)[0m  [1m[34mSELECT  "todos".* FROM "todos" WHERE "todos"."id" = ? LIMIT ?[0m  [["id", 1], ["LIMIT", 1]]
  [1m[35m (0.1ms)[0m  [1m[36mbegin transaction[0m
  [1m[35mSQL (24.9ms)[0m  [1m[33mUPDATE "todos" SET "done_flag" = ?, "updated_at" = ? WHERE "todos"."id" = ?[0m  [["done_flag", "true"], ["updated_at", "2019-06-12 06:04:15.665749"], ["id", 1]]
  [1m[35m (117.4ms)[0m  [1m[36mcommit transaction[0m
Completed 204 No Content in 169ms (ActiveRecord: 144.9ms)


Started GET "/todo/1" for ::1 at 2019-06-12 13:04:39 +0700
Processing by TodoController#show as */*
  Parameters: {"id"=>"1", "todo"=>{}}
  [1m[36mTodo Load (0.2ms)[0m  [1m[34mSELECT  "todos".* FROM "todos" WHERE "todos"."id" = ? LIMIT ?[0m  [["id", 1], ["LIMIT", 1]]
Completed 200 OK in 3ms (Views: 0.5ms | ActiveRecord: 0.2ms)


Started DELETE "/todo/2" for ::1 at 2019-06-12 13:05:19 +0700
Processing by TodoController#destroy as */*
  Parameters: {"done_flag"=>"true", "id"=>"2", "todo"=>{"done_flag"=>"true"}}
  [1m[36mTodo Load (0.2ms)[0m  [1m[34mSELECT  "todos".* FROM "todos" WHERE "todos"."id" = ? LIMIT ?[0m  [["id", 2], ["LIMIT", 1]]
  [1m[35m (0.1ms)[0m  [1m[36mbegin transaction[0m
  [1m[35mSQL (1.5ms)[0m  [1m[31mDELETE FROM "todos" WHERE "todos"."id" = ?[0m  [["id", 2]]
  [1m[35m (165.8ms)[0m  [1m[36mcommit transaction[0m
Completed 204 No Content in 174ms (ActiveRecord: 167.6ms)


Started GET "/todo/" for ::1 at 2019-06-12 13:05:32 +0700
Processing by TodoController#index as */*
  Parameters: {"todo"=>{}}
  [1m[36mTodo Load (0.9ms)[0m  [1m[34mSELECT "todos".* FROM "todos"[0m
Completed 200 OK in 4ms (Views: 0.6ms | ActiveRecord: 0.9ms)


Started GET "/todo" for ::1 at 2019-06-12 13:05:36 +0700
Processing by TodoController#index as */*
  Parameters: {"todo"=>{}}
  [1m[36mTodo Load (0.4ms)[0m  [1m[34mSELECT "todos".* FROM "todos"[0m
Completed 200 OK in 3ms (Views: 0.6ms | ActiveRecord: 0.4ms)


Started POST "/todo" for ::1 at 2019-06-12 13:06:09 +0700
Processing by TodoController#create as */*
  Parameters: {"title"=>"FiSecondaryrst Title Update", "deadline"=>"2019-06-14", "todo"=>{"title"=>"FiSecondaryrst Title Update", "deadline"=>"2019-06-14"}}
Unpermitted parameter: :todo
  [1m[35m (0.1ms)[0m  [1m[36mbegin transaction[0m
  [1m[35mSQL (1.4ms)[0m  [1m[32mINSERT INTO "todos" ("title", "deadline", "created_at", "updated_at") VALUES (?, ?, ?, ?)[0m  [["title", "FiSecondaryrst Title Update"], ["deadline", "2019-06-14"], ["created_at", "2019-06-12 06:06:09.995321"], ["updated_at", "2019-06-12 06:06:09.995321"]]
  [1m[35m (96.3ms)[0m  [1m[36mcommit transaction[0m
Completed 201 Created in 106ms (Views: 0.6ms | ActiveRecord: 97.9ms)


Started GET "/todo" for ::1 at 2019-06-12 13:06:18 +0700
Processing by TodoController#index as */*
  Parameters: {"todo"=>{}}
  [1m[36mTodo Load (0.2ms)[0m  [1m[34mSELECT "todos".* FROM "todos"[0m
Completed 200 OK in 2ms (Views: 0.5ms | ActiveRecord: 0.2ms)


Started PUT "/todo/1" for ::1 at 2019-06-12 13:08:11 +0700
Processing by TodoController#update as */*
  Parameters: {"done_flag"=>"false", "id"=>"1", "todo"=>{"done_flag"=>"false"}}
  [1m[36mTodo Load (0.2ms)[0m  [1m[34mSELECT  "todos".* FROM "todos" WHERE "todos"."id" = ? LIMIT ?[0m  [["id", 1], ["LIMIT", 1]]
  [1m[35m (0.1ms)[0m  [1m[36mbegin transaction[0m
  [1m[35mSQL (0.4ms)[0m  [1m[33mUPDATE "todos" SET "done_flag" = ?, "updated_at" = ? WHERE "todos"."id" = ?[0m  [["done_flag", "false"], ["updated_at", "2019-06-12 06:08:11.218394"], ["id", 1]]
  [1m[35m (80.6ms)[0m  [1m[36mcommit transaction[0m
Completed 500 Internal Server Error in 98ms (Views: 0.7ms | ActiveRecord: 83.2ms)


Started PUT "/todo/1" for ::1 at 2019-06-12 13:09:30 +0700
Processing by TodoController#update as */*
  Parameters: {"done_flag"=>"true", "id"=>"1", "todo"=>{"done_flag"=>"true"}}
  [1m[36mTodo Load (0.3ms)[0m  [1m[34mSELECT  "todos".* FROM "todos" WHERE "todos"."id" = ? LIMIT ?[0m  [["id", 1], ["LIMIT", 1]]
  [1m[35m (0.1ms)[0m  [1m[36mbegin transaction[0m
  [1m[35mSQL (2.6ms)[0m  [1m[33mUPDATE "todos" SET "done_flag" = ?, "updated_at" = ? WHERE "todos"."id" = ?[0m  [["done_flag", "true"], ["updated_at", "2019-06-12 06:09:30.644085"], ["id", 1]]
  [1m[35m (139.9ms)[0m  [1m[36mcommit transaction[0m
Completed 200 OK in 182ms (Views: 0.7ms | ActiveRecord: 145.1ms)


Started PUT "/todo/1" for ::1 at 2019-06-12 13:16:31 +0700
Processing by TodoController#update as */*
  Parameters: {"done_flag"=>"false", "id"=>"1", "todo"=>{"done_flag"=>"false"}}
  [1m[36mTodo Load (0.3ms)[0m  [1m[34mSELECT  "todos".* FROM "todos" WHERE "todos"."id" = ? LIMIT ?[0m  [["id", 1], ["LIMIT", 1]]
  [1m[35m (0.1ms)[0m  [1m[36mbegin transaction[0m
  [1m[35mSQL (0.8ms)[0m  [1m[33mUPDATE "todos" SET "done_flag" = ?, "updated_at" = ? WHERE "todos"."id" = ?[0m  [["done_flag", "false"], ["updated_at", "2019-06-12 06:16:31.378157"], ["id", 1]]
  [1m[35m (137.3ms)[0m  [1m[36mcommit transaction[0m
Completed 200 OK in 162ms (Views: 1.2ms | ActiveRecord: 140.2ms)


Started GET "/todo" for ::1 at 2019-06-12 13:16:41 +0700
Processing by TodoController#index as */*
  Parameters: {"todo"=>{}}
  [1m[36mTodo Load (0.2ms)[0m  [1m[34mSELECT "todos".* FROM "todos"[0m
Completed 200 OK in 2ms (Views: 0.5ms | ActiveRecord: 0.2ms)


Started GET "/todo" for ::1 at 2019-06-12 13:20:15 +0700
Processing by TodoController#index as */*
  Parameters: {"todo"=>{}}
  [1m[36mTodo Load (0.3ms)[0m  [1m[34mSELECT "todos".* FROM "todos"[0m
Completed 500 Internal Server Error in 40ms (ActiveRecord: 2.0ms)


  
TypeError (no implicit conversion of Hash into Integer):
  
app/controllers/todo_controller.rb:7:in `[]'
app/controllers/todo_controller.rb:7:in `index'
Started GET "/todo" for ::1 at 2019-06-12 13:21:15 +0700
Processing by TodoController#index as */*
  Parameters: {"todo"=>{}}
  [1m[36mTodo Load (0.3ms)[0m  [1m[34mSELECT "todos".* FROM "todos"[0m
Completed 200 OK in 10ms (Views: 0.3ms | ActiveRecord: 1.5ms)


Started GET "/todo" for ::1 at 2019-06-12 13:22:32 +0700
Processing by TodoController#index as */*
  Parameters: {"todo"=>{}}
  [1m[36mTodo Load (0.4ms)[0m  [1m[34mSELECT  "todos".* FROM "todos" LIMIT ?[0m  [["LIMIT", 11]]
Completed 500 Internal Server Error in 28ms (ActiveRecord: 1.4ms)


  
  [1m[36mCACHE Todo Load (0.0ms)[0m  [1m[34mSELECT  "todos".* FROM "todos" LIMIT ?[0m  [["LIMIT", 11]]
NoMethodError (undefined method `json_output' for #<Todo::ActiveRecord_Relation:0x41d10c4>):
  
app/controllers/todo_controller.rb:7:in `index'
  [1m[36mCACHE Todo Load (0.0ms)[0m  [1m[34mSELECT  "todos".* FROM "todos" LIMIT ?[0m  [["LIMIT", 11]]
Started GET "/todo" for ::1 at 2019-06-12 13:23:29 +0700
Processing by TodoController#index as */*
  Parameters: {"todo"=>{}}
  [1m[36mTodo Load (0.3ms)[0m  [1m[34mSELECT "todos".* FROM "todos"[0m
Completed 200 OK in 18ms (Views: 0.6ms | ActiveRecord: 3.1ms)


Started PUT "/todo/1" for ::1 at 2019-06-12 13:25:00 +0700
Processing by TodoController#update as */*
  Parameters: {"done_flag"=>"false", "id"=>"1", "todo"=>{"done_flag"=>"false"}}
  [1m[36mTodo Load (0.4ms)[0m  [1m[34mSELECT  "todos".* FROM "todos" WHERE "todos"."id" = ? LIMIT ?[0m  [["id", 1], ["LIMIT", 1]]
  [1m[35m (0.1ms)[0m  [1m[36mbegin transaction[0m
  [1m[35m (0.1ms)[0m  [1m[36mcommit transaction[0m
Completed 200 OK in 19ms (Views: 0.6ms | ActiveRecord: 2.5ms)


Started PUT "/todo/1" for ::1 at 2019-06-12 13:25:04 +0700
Processing by TodoController#update as */*
  Parameters: {"done_flag"=>"false", "id"=>"1", "todo"=>{"done_flag"=>"false"}}
  [1m[36mTodo Load (0.1ms)[0m  [1m[34mSELECT  "todos".* FROM "todos" WHERE "todos"."id" = ? LIMIT ?[0m  [["id", 1], ["LIMIT", 1]]
  [1m[35m (0.1ms)[0m  [1m[36mbegin transaction[0m
  [1m[35m (0.1ms)[0m  [1m[36mcommit transaction[0m
Completed 200 OK in 2ms (Views: 0.2ms | ActiveRecord: 0.3ms)


Started PUT "/todo/1" for ::1 at 2019-06-12 13:25:10 +0700
Processing by TodoController#update as */*
  Parameters: {"done_flag"=>"true", "id"=>"1", "todo"=>{"done_flag"=>"true"}}
  [1m[36mTodo Load (0.2ms)[0m  [1m[34mSELECT  "todos".* FROM "todos" WHERE "todos"."id" = ? LIMIT ?[0m  [["id", 1], ["LIMIT", 1]]
  [1m[35m (0.1ms)[0m  [1m[36mbegin transaction[0m
  [1m[35mSQL (22.0ms)[0m  [1m[33mUPDATE "todos" SET "done_flag" = ?, "updated_at" = ? WHERE "todos"."id" = ?[0m  [["done_flag", "true"], ["updated_at", "2019-06-12 06:25:10.754037"], ["id", 1]]
  [1m[35m (135.2ms)[0m  [1m[36mcommit transaction[0m
Completed 200 OK in 166ms (Views: 0.4ms | ActiveRecord: 157.5ms)


Started DELETE "/todo/3" for ::1 at 2019-06-12 13:25:22 +0700
Processing by TodoController#destroy as */*
  Parameters: {"done_flag"=>"true", "id"=>"3", "todo"=>{"done_flag"=>"true"}}
  [1m[36mTodo Load (0.2ms)[0m  [1m[34mSELECT  "todos".* FROM "todos" WHERE "todos"."id" = ? LIMIT ?[0m  [["id", 3], ["LIMIT", 1]]
  [1m[35m (0.1ms)[0m  [1m[36mbegin transaction[0m
  [1m[35mSQL (1.8ms)[0m  [1m[31mDELETE FROM "todos" WHERE "todos"."id" = ?[0m  [["id", 3]]
  [1m[35m (128.1ms)[0m  [1m[36mcommit transaction[0m
Completed 204 No Content in 136ms (ActiveRecord: 130.2ms)


Started GET "/todo" for ::1 at 2019-06-12 13:25:32 +0700
Processing by TodoController#index as */*
  Parameters: {"todo"=>{}}
  [1m[36mTodo Load (0.3ms)[0m  [1m[34mSELECT "todos".* FROM "todos"[0m
Completed 200 OK in 2ms (Views: 0.4ms | ActiveRecord: 0.3ms)


Started PUT "/todo/1" for ::1 at 2019-06-12 13:28:05 +0700
Processing by TodoController#update as */*
  Parameters: {"done_flag"=>"false", "id"=>"1", "todo"=>{"done_flag"=>"false"}}
  [1m[36mTodo Load (0.4ms)[0m  [1m[34mSELECT  "todos".* FROM "todos" WHERE "todos"."id" = ? LIMIT ?[0m  [["id", 1], ["LIMIT", 1]]
  [1m[35m (0.1ms)[0m  [1m[36mbegin transaction[0m
  [1m[35mSQL (0.6ms)[0m  [1m[33mUPDATE "todos" SET "done_flag" = ?, "updated_at" = ? WHERE "todos"."id" = ?[0m  [["done_flag", "false"], ["updated_at", "2019-06-12 06:28:05.711370"], ["id", 1]]
  [1m[35m (92.5ms)[0m  [1m[36mcommit transaction[0m
Completed 200 OK in 120ms (Views: 0.5ms | ActiveRecord: 95.7ms)


Started PUT "/todo/1" for ::1 at 2019-06-12 13:29:34 +0700
Processing by TodoController#update as */*
  Parameters: {"done_flag"=>"false", "id"=>"1", "todo"=>{"done_flag"=>"false"}}
  [1m[36mTodo Load (0.3ms)[0m  [1m[34mSELECT  "todos".* FROM "todos" WHERE "todos"."id" = ? LIMIT ?[0m  [["id", 1], ["LIMIT", 1]]
  [1m[35m (0.1ms)[0m  [1m[36mbegin transaction[0m
  [1m[35m (0.3ms)[0m  [1m[36mcommit transaction[0m
  [1m[36mCACHE Todo Load (0.0ms)[0m  [1m[34mSELECT  "todos".* FROM "todos" WHERE "todos"."id" = ? LIMIT ?[0m  [["id", 1], ["LIMIT", 1]]
Completed 200 OK in 22ms (Views: 0.4ms | ActiveRecord: 3.7ms)


Started PUT "/todo/1" for ::1 at 2019-06-12 13:29:37 +0700
Processing by TodoController#update as */*
  Parameters: {"done_flag"=>"false", "id"=>"1", "todo"=>{"done_flag"=>"false"}}
  [1m[36mTodo Load (0.1ms)[0m  [1m[34mSELECT  "todos".* FROM "todos" WHERE "todos"."id" = ? LIMIT ?[0m  [["id", 1], ["LIMIT", 1]]
  [1m[35m (0.1ms)[0m  [1m[36mbegin transaction[0m
  [1m[35m (0.1ms)[0m  [1m[36mcommit transaction[0m
  [1m[36mCACHE Todo Load (0.0ms)[0m  [1m[34mSELECT  "todos".* FROM "todos" WHERE "todos"."id" = ? LIMIT ?[0m  [["id", 1], ["LIMIT", 1]]
Completed 200 OK in 4ms (Views: 0.2ms | ActiveRecord: 0.3ms)


Started PUT "/todo/1" for ::1 at 2019-06-12 13:40:37 +0700
  
ArgumentError (Unknown validator: 'TimelinessValidator'):
  
app/models/todo.rb:4:in `<class:Todo>'
app/models/todo.rb:1:in `<top (required)>'
Started PUT "/todo/1" for ::1 at 2019-06-12 13:46:14 +0700
Processing by TodoController#update as */*
  Parameters: {"done_flag"=>"falshe", "id"=>"1", "todo"=>{"done_flag"=>"falshe"}}
  [1m[36mTodo Load (0.4ms)[0m  [1m[34mSELECT  "todos".* FROM "todos" WHERE "todos"."id" = ? LIMIT ?[0m  [["id", 1], ["LIMIT", 1]]
  [1m[35m (0.1ms)[0m  [1m[36mbegin transaction[0m
  [1m[35m (0.1ms)[0m  [1m[31mrollback transaction[0m
  [1m[36mTodo Load (0.2ms)[0m  [1m[34mSELECT  "todos".* FROM "todos" WHERE "todos"."id" = ? LIMIT ?[0m  [["id", 1], ["LIMIT", 1]]
Completed 200 OK in 415ms (Views: 0.4ms | ActiveRecord: 2.8ms)


Started PUT "/todo/1" for ::1 at 2019-06-12 13:46:20 +0700
Processing by TodoController#update as */*
  Parameters: {"done_flag"=>"falshe", "id"=>"1", "todo"=>{"done_flag"=>"falshe"}}
  [1m[36mTodo Load (0.2ms)[0m  [1m[34mSELECT  "todos".* FROM "todos" WHERE "todos"."id" = ? LIMIT ?[0m  [["id", 1], ["LIMIT", 1]]
  [1m[35m (0.1ms)[0m  [1m[36mbegin transaction[0m
  [1m[35m (0.1ms)[0m  [1m[31mrollback transaction[0m
  [1m[36mTodo Load (0.1ms)[0m  [1m[34mSELECT  "todos".* FROM "todos" WHERE "todos"."id" = ? LIMIT ?[0m  [["id", 1], ["LIMIT", 1]]
Completed 200 OK in 4ms (Views: 0.2ms | ActiveRecord: 0.4ms)


Started PUT "/todo/1" for ::1 at 2019-06-12 13:47:57 +0700
Processing by TodoController#update as */*
  Parameters: {"done_flag"=>"true", "id"=>"1", "todo"=>{"done_flag"=>"true"}}
  [1m[36mTodo Load (0.2ms)[0m  [1m[34mSELECT  "todos".* FROM "todos" WHERE "todos"."id" = ? LIMIT ?[0m  [["id", 1], ["LIMIT", 1]]
  [1m[35m (0.1ms)[0m  [1m[36mbegin transaction[0m
  [1m[35mSQL (2.7ms)[0m  [1m[33mUPDATE "todos" SET "done_flag" = ?, "updated_at" = ? WHERE "todos"."id" = ?[0m  [["done_flag", "true"], ["updated_at", "2019-06-12 06:47:57.066822"], ["id", 1]]
  [1m[35m (129.3ms)[0m  [1m[36mcommit transaction[0m
  [1m[36mTodo Load (0.3ms)[0m  [1m[34mSELECT  "todos".* FROM "todos" WHERE "todos"."id" = ? LIMIT ?[0m  [["id", 1], ["LIMIT", 1]]
Completed 200 OK in 144ms (Views: 0.4ms | ActiveRecord: 132.6ms)


Started POST "/todo" for ::1 at 2019-06-12 13:51:10 +0700
Processing by TodoController#create as */*
  Parameters: {"title"=>"FiSecondaryrst Title Update", "deadline"=>"2019-06-14", "todo"=>{"title"=>"FiSecondaryrst Title Update", "deadline"=>"2019-06-14"}}
Unpermitted parameter: :todo
  [1m[35m (0.1ms)[0m  [1m[36mbegin transaction[0m
  [1m[35mSQL (2.4ms)[0m  [1m[32mINSERT INTO "todos" ("title", "deadline", "created_at", "updated_at") VALUES (?, ?, ?, ?)[0m  [["title", "FiSecondaryrst Title Update"], ["deadline", "2019-06-14"], ["created_at", "2019-06-12 06:51:10.491280"], ["updated_at", "2019-06-12 06:51:10.491280"]]
  [1m[35m (125.4ms)[0m  [1m[36mcommit transaction[0m
Completed 201 Created in 134ms (Views: 0.4ms | ActiveRecord: 127.9ms)


Started POST "/todo" for ::1 at 2019-06-12 13:51:44 +0700
  [1m[35m (0.2ms)[0m  [1m[34mSELECT "schema_migrations"."version" FROM "schema_migrations" ORDER BY "schema_migrations"."version" ASC[0m
Processing by TodoController#create as */*
  Parameters: {"title"=>"FiSecondaryrst Title Update", "deadline"=>"2019-06-14", "todo"=>{"title"=>"FiSecondaryrst Title Update", "deadline"=>"2019-06-14"}}
Unpermitted parameter: :todo
  [1m[35m (0.1ms)[0m  [1m[36mbegin transaction[0m
  [1m[35mSQL (1.7ms)[0m  [1m[32mINSERT INTO "todos" ("title", "deadline", "created_at", "updated_at") VALUES (?, ?, ?, ?)[0m  [["title", "FiSecondaryrst Title Update"], ["deadline", "2019-06-14"], ["created_at", "2019-06-12 06:51:45.376388"], ["updated_at", "2019-06-12 06:51:45.376388"]]
  [1m[35m (67.9ms)[0m  [1m[36mcommit transaction[0m
Completed 201 Created in 87ms (Views: 0.5ms | ActiveRecord: 70.7ms)


Started POST "/todo" for ::1 at 2019-06-12 13:52:14 +0700
Processing by TodoController#create as */*
  Parameters: {"title"=>"", "deadline"=>"2019-06-14", "todo"=>{"title"=>"", "deadline"=>"2019-06-14"}}
Unpermitted parameter: :todo
  [1m[35m (0.1ms)[0m  [1m[36mbegin transaction[0m
  [1m[35m (0.2ms)[0m  [1m[31mrollback transaction[0m
Completed 422 Unprocessable Entity in 17ms (ActiveRecord: 0.9ms)


  
ActiveRecord::RecordInvalid (Validation failed: Title can't be blank, Title is too short (minimum is 3 characters)):
  
app/controllers/todo_controller.rb:12:in `create'
Started POST "/todo" for ::1 at 2019-06-12 14:01:18 +0700
Processing by TodoController#create as */*
  Parameters: {"title"=>"", "deadline"=>"2019-06-14", "todo"=>{"title"=>"", "deadline"=>"2019-06-14"}}
Unpermitted parameter: :todo
  [1m[35m (0.1ms)[0m  [1m[36mbegin transaction[0m
  [1m[35m (0.1ms)[0m  [1m[31mrollback transaction[0m
Completed 422 Unprocessable Entity in 13ms (ActiveRecord: 1.5ms)


  
ActiveRecord::RecordInvalid (Validation failed: Title can't be blank, Title is too short (minimum is 3 characters)):
  
app/controllers/todo_controller.rb:12:in `create'
Started POST "/todo" for ::1 at 2019-06-12 14:02:18 +0700
Processing by TodoController#create as */*
  Parameters: {"title"=>"", "deadline"=>"2019-06-14", "todo"=>{"title"=>"", "deadline"=>"2019-06-14"}}
Unpermitted parameter: :todo
  [1m[35m (0.1ms)[0m  [1m[36mbegin transaction[0m
  [1m[35m (0.1ms)[0m  [1m[31mrollback transaction[0m
Completed 422 Unprocessable Entity in 23ms (ActiveRecord: 2.3ms)


  
ActiveRecord::RecordInvalid (Validation failed: Title can't be blank, Title is too short (minimum is 3 characters)):
  
app/controllers/todo_controller.rb:12:in `create'
Started POST "/todo" for ::1 at 2019-06-12 14:08:12 +0700
Processing by TodoController#create as */*
  Parameters: {"title"=>"", "deadline"=>"2019-06-14", "todo"=>{"title"=>"", "deadline"=>"2019-06-14"}}
Unpermitted parameter: :todo
  [1m[35m (0.1ms)[0m  [1m[36mbegin transaction[0m
  [1m[35m (0.1ms)[0m  [1m[31mrollback transaction[0m
Completed 422 Unprocessable Entity in 25ms (ActiveRecord: 4.9ms)


  
ActiveRecord::RecordInvalid (Validation failed: Title can't be blank, Title is too short (minimum is 3 characters)):
  
app/controllers/todo_controller.rb:12:in `create'
Started POST "/todo" for ::1 at 2019-06-12 14:08:38 +0700
Processing by TodoController#create as */*
  Parameters: {"title"=>"", "deadline"=>"2019-06-14", "todo"=>{"title"=>"", "deadline"=>"2019-06-14"}}
Unpermitted parameter: :todo
  [1m[35m (0.1ms)[0m  [1m[36mbegin transaction[0m
  [1m[35m (0.1ms)[0m  [1m[31mrollback transaction[0m
Completed 422 Unprocessable Entity in 21ms (ActiveRecord: 2.1ms)


  
ActiveRecord::RecordInvalid (Validation failed: Title can't be blank, Title is too short (minimum is 3 characters)):
  
app/controllers/todo_controller.rb:12:in `create'
Started POST "/todo" for ::1 at 2019-06-12 14:09:05 +0700
Processing by TodoController#create as */*
  Parameters: {"title"=>"", "deadline"=>"2019-06-14", "todo"=>{"title"=>"", "deadline"=>"2019-06-14"}}
Unpermitted parameter: :todo
  [1m[35m (0.1ms)[0m  [1m[36mbegin transaction[0m
  [1m[35m (0.1ms)[0m  [1m[31mrollback transaction[0m
Completed 422 Unprocessable Entity in 21ms (ActiveRecord: 2.7ms)


  
ActiveRecord::RecordInvalid (Validation failed: Title can't be blank, Title is too short (minimum is 3 characters)):
  
app/controllers/todo_controller.rb:12:in `create'
Started POST "/todo" for ::1 at 2019-06-12 14:09:58 +0700
Processing by TodoController#create as */*
  Parameters: {"title"=>"", "deadline"=>"2019-06-14", "todo"=>{"title"=>"", "deadline"=>"2019-06-14"}}
Unpermitted parameter: :todo
  [1m[35m (0.1ms)[0m  [1m[36mbegin transaction[0m
  [1m[35m (0.1ms)[0m  [1m[31mrollback transaction[0m
Completed 422 Unprocessable Entity in 16ms (ActiveRecord: 2.1ms)


  
ActiveRecord::RecordInvalid (Validation failed: Title can't be blank, Title is too short (minimum is 3 characters)):
  
app/controllers/todo_controller.rb:12:in `create'
Started POST "/todo" for ::1 at 2019-06-12 14:12:52 +0700
  [1m[35m (0.2ms)[0m  [1m[34mSELECT "schema_migrations"."version" FROM "schema_migrations" ORDER BY "schema_migrations"."version" ASC[0m
Processing by TodoController#create as */*
  Parameters: {"title"=>"", "deadline"=>"2019-06-14", "todo"=>{"title"=>"", "deadline"=>"2019-06-14"}}
Unpermitted parameter: :todo
  [1m[35m (0.1ms)[0m  [1m[36mbegin transaction[0m
  [1m[35m (0.1ms)[0m  [1m[31mrollback transaction[0m
Completed 422 Unprocessable Entity in 24ms (ActiveRecord: 1.1ms)


  
ActiveRecord::RecordInvalid (Validation failed: Title can't be blank, Title is too short (minimum is 3 characters)):
  
app/controllers/todo_controller.rb:12:in `create'
Started POST "/todo" for ::1 at 2019-06-12 14:13:51 +0700
Processing by TodoController#create as */*
  Parameters: {"title"=>"", "deadline"=>"2019-06-14", "todo"=>{"title"=>"", "deadline"=>"2019-06-14"}}
Unpermitted parameter: :todo
  [1m[35m (0.1ms)[0m  [1m[36mbegin transaction[0m
  [1m[35m (0.1ms)[0m  [1m[31mrollback transaction[0m
Completed 422 Unprocessable Entity in 16ms (ActiveRecord: 1.4ms)


  
ActiveRecord::RecordInvalid (Validation failed: Title can't be blank, Title is too short (minimum is 3 characters)):
  
app/controllers/todo_controller.rb:12:in `create'
Started POST "/todo" for ::1 at 2019-06-12 14:17:54 +0700
Processing by TodoController#create as */*
  Parameters: {"title"=>"", "deadline"=>"2019-06-14", "todo"=>{"title"=>"", "deadline"=>"2019-06-14"}}
Unpermitted parameter: :todo
  [1m[35m (0.1ms)[0m  [1m[36mbegin transaction[0m
  [1m[35m (0.1ms)[0m  [1m[31mrollback transaction[0m
Completed 422 Unprocessable Entity in 22ms (ActiveRecord: 1.8ms)


  
ActiveRecord::RecordInvalid (Validation failed: Title can't be blank, Title is too short (minimum is 3 characters)):
  
app/controllers/todo_controller.rb:12:in `create'
Started POST "/todo" for ::1 at 2019-06-12 14:18:16 +0700
Processing by TodoController#create as */*
  Parameters: {"title"=>"", "deadline"=>"2019-06-14", "todo"=>{"title"=>"", "deadline"=>"2019-06-14"}}
Unpermitted parameter: :todo
  [1m[35m (0.1ms)[0m  [1m[36mbegin transaction[0m
  [1m[35m (0.1ms)[0m  [1m[31mrollback transaction[0m
Completed 422 Unprocessable Entity in 21ms (ActiveRecord: 2.4ms)


  
ActiveRecord::RecordInvalid (Validation failed: Title can't be blank, Title is too short (minimum is 3 characters)):
  
app/controllers/todo_controller.rb:12:in `create'
Started POST "/todo" for ::1 at 2019-06-12 14:19:23 +0700
Processing by TodoController#create as */*
  Parameters: {"title"=>"", "deadline"=>"2019-06-14", "todo"=>{"title"=>"", "deadline"=>"2019-06-14"}}
Unpermitted parameter: :todo
  [1m[35m (0.1ms)[0m  [1m[36mbegin transaction[0m
  [1m[35m (0.1ms)[0m  [1m[31mrollback transaction[0m
Completed 422 Unprocessable Entity in 21ms (ActiveRecord: 2.1ms)


  
ActiveRecord::RecordInvalid (Validation failed: Title can't be blank, Title is too short (minimum is 3 characters)):
  
app/controllers/todo_controller.rb:12:in `create'
Started POST "/todo" for ::1 at 2019-06-12 14:21:21 +0700
Processing by TodoController#create as */*
  Parameters: {"title"=>"", "deadline"=>"2019-06-14", "todo"=>{"title"=>"", "deadline"=>"2019-06-14"}}
Unpermitted parameter: :todo
  [1m[35m (0.1ms)[0m  [1m[36mbegin transaction[0m
  [1m[35m (0.1ms)[0m  [1m[31mrollback transaction[0m
Completed 422 Unprocessable Entity in 28ms (ActiveRecord: 2.9ms)


  
ActiveRecord::RecordInvalid (Validation failed: Title can't be blank, Title is too short (minimum is 3 characters)):
  
app/controllers/todo_controller.rb:12:in `create'
Started POST "/todo" for ::1 at 2019-06-12 14:24:50 +0700
Processing by TodoController#create as */*
  Parameters: {"title"=>"", "deadline"=>"2019-06-14", "todo"=>{"title"=>"", "deadline"=>"2019-06-14"}}
Unpermitted parameter: :todo
  [1m[35m (0.1ms)[0m  [1m[36mbegin transaction[0m
  [1m[35m (0.1ms)[0m  [1m[31mrollback transaction[0m
Completed 422 Unprocessable Entity in 22ms (ActiveRecord: 1.7ms)


  
ActiveRecord::RecordInvalid (Validation failed: Title can't be blank, Title is too short (minimum is 3 characters)):
  
app/controllers/todo_controller.rb:12:in `create'
Started POST "/todo" for ::1 at 2019-06-12 14:31:41 +0700
Processing by TodoController#create as */*
  Parameters: {"title"=>"", "deadline"=>"2019-06-14", "todo"=>{"title"=>"", "deadline"=>"2019-06-14"}}
Unpermitted parameter: :todo
  [1m[35m (0.1ms)[0m  [1m[36mbegin transaction[0m
  [1m[35m (0.1ms)[0m  [1m[31mrollback transaction[0m
Completed 500 Internal Server Error in 35ms (ActiveRecord: 2.0ms)


  
NoMethodError (undefined method `erros' for #<Todo:0x3705104>
Did you mean?  errors):
  
app/controllers/todo_controller.rb:19:in `create'
Started POST "/todo" for ::1 at 2019-06-12 14:31:54 +0700
Processing by TodoController#create as */*
  Parameters: {"title"=>"", "deadline"=>"2019-06-14", "todo"=>{"title"=>"", "deadline"=>"2019-06-14"}}
Unpermitted parameter: :todo
  [1m[35m (0.1ms)[0m  [1m[36mbegin transaction[0m
  [1m[35m (0.1ms)[0m  [1m[31mrollback transaction[0m
Completed 422 Unprocessable Entity in 20ms (Views: 0.3ms | ActiveRecord: 2.6ms)


Started POST "/todo" for ::1 at 2019-06-12 14:32:18 +0700
Processing by TodoController#create as */*
  Parameters: {"title"=>"", "deadline"=>"2019-06-14", "todo"=>{"title"=>"", "deadline"=>"2019-06-14"}}
Unpermitted parameter: :todo
  [1m[35m (0.1ms)[0m  [1m[36mbegin transaction[0m
  [1m[35m (0.1ms)[0m  [1m[31mrollback transaction[0m
Completed 422 Unprocessable Entity in 14ms (Views: 0.2ms | ActiveRecord: 2.6ms)


Started POST "/todo" for ::1 at 2019-06-12 14:33:44 +0700
Processing by TodoController#create as */*
  Parameters: {"title"=>"v", "deadline"=>"2019-06-14", "todo"=>{"title"=>"v", "deadline"=>"2019-06-14"}}
Unpermitted parameter: :todo
  [1m[35m (0.1ms)[0m  [1m[36mbegin transaction[0m
  [1m[35m (0.1ms)[0m  [1m[31mrollback transaction[0m
Completed 422 Unprocessable Entity in 19ms (Views: 0.4ms | ActiveRecord: 2.5ms)


Started POST "/todo" for ::1 at 2019-06-12 14:34:01 +0700
Processing by TodoController#create as */*
  Parameters: {"title"=>"v", "deadline"=>"2019-06-14", "todo"=>{"title"=>"v", "deadline"=>"2019-06-14"}}
Unpermitted parameter: :todo
  [1m[35m (0.1ms)[0m  [1m[36mbegin transaction[0m
  [1m[35m (0.1ms)[0m  [1m[31mrollback transaction[0m
Completed 422 Unprocessable Entity in 19ms (Views: 0.2ms | ActiveRecord: 1.7ms)


Started POST "/todo" for ::1 at 2019-06-12 14:38:36 +0700
Processing by TodoController#create as */*
  Parameters: {"title"=>"v", "deadline"=>"2019-06-14", "todo"=>{"title"=>"v", "deadline"=>"2019-06-14"}}
Unpermitted parameter: :todo
  [1m[35m (0.1ms)[0m  [1m[36mbegin transaction[0m
  [1m[35m (0.1ms)[0m  [1m[31mrollback transaction[0m
Completed 422 Unprocessable Entity in 20ms (Views: 0.3ms | ActiveRecord: 2.2ms)


Started POST "/todo" for ::1 at 2019-06-12 14:39:04 +0700
Processing by TodoController#create as */*
  Parameters: {"title"=>"v", "deadline"=>"2019-06-14", "todo"=>{"title"=>"v", "deadline"=>"2019-06-14"}}
Unpermitted parameter: :todo
  [1m[35m (0.1ms)[0m  [1m[36mbegin transaction[0m
  [1m[35m (0.1ms)[0m  [1m[31mrollback transaction[0m
Completed 422 Unprocessable Entity in 12ms (Views: 0.3ms | ActiveRecord: 1.8ms)


Started POST "/todo" for ::1 at 2019-06-12 17:36:56 +0700
Processing by TodoController#create as */*
  Parameters: {"title"=>"", "deadline"=>"2019-06-14", "todo"=>{"title"=>"", "deadline"=>"2019-06-14"}}
Unpermitted parameter: :todo
  [1m[35m (0.1ms)[0m  [1m[36mbegin transaction[0m
  [1m[35m (0.1ms)[0m  [1m[31mrollback transaction[0m
Completed 422 Unprocessable Entity in 6ms (Views: 0.5ms | ActiveRecord: 0.2ms)


Started POST "/todo" for ::1 at 2019-06-12 17:37:10 +0700
Processing by TodoController#create as */*
  Parameters: {"title"=>"", "deadline"=>"2019", "todo"=>{"title"=>"", "deadline"=>"2019"}}
Unpermitted parameter: :todo
  [1m[35m (0.1ms)[0m  [1m[36mbegin transaction[0m
  [1m[35m (0.1ms)[0m  [1m[31mrollback transaction[0m
Completed 422 Unprocessable Entity in 6ms (Views: 0.2ms | ActiveRecord: 0.2ms)


Started POST "/todo" for ::1 at 2019-06-12 17:37:18 +0700
Processing by TodoController#create as */*
  Parameters: {"title"=>"qwr", "deadline"=>"2019", "todo"=>{"title"=>"qwr", "deadline"=>"2019"}}
Unpermitted parameter: :todo
  [1m[35m (0.1ms)[0m  [1m[36mbegin transaction[0m
  [1m[35m (0.1ms)[0m  [1m[31mrollback transaction[0m
Completed 422 Unprocessable Entity in 4ms (Views: 0.3ms | ActiveRecord: 0.2ms)


Started POST "/todo" for ::1 at 2019-06-12 17:37:52 +0700
  
ArgumentError (Unknown validator: 'TimelinessValidator'):
  
app/models/todo.rb:4:in `<class:Todo>'
app/models/todo.rb:1:in `<top (required)>'
Started POST "/todo" for ::1 at 2019-06-12 17:40:47 +0700
  
SyntaxError (/home/pengusaha/Documents/daya dimensi test/fullstack-coding-test/backend/solution/todo-list/app/models/todo.rb:4: syntax error, unexpected =>
line, presence: true, type: => Date
                              ^):
  
app/models/todo.rb:4: syntax error, unexpected =>
Started POST "/todo" for ::1 at 2019-06-12 17:41:06 +0700
  
ArgumentError (Unknown validator: 'TypeValidator'):
  
app/models/todo.rb:4:in `<class:Todo>'
app/models/todo.rb:1:in `<top (required)>'
Started PUT "/todo/1" for ::1 at 2019-06-12 17:48:31 +0700
Processing by TodoController#update as */*
  Parameters: {"done_flag"=>"trued", "id"=>"1", "todo"=>{"done_flag"=>"trued"}}
  [1m[36mTodo Load (0.4ms)[0m  [1m[34mSELECT  "todos".* FROM "todos" WHERE "todos"."id" = ? LIMIT ?[0m  [["id", 1], ["LIMIT", 1]]
  [1m[35m (0.2ms)[0m  [1m[36mbegin transaction[0m
  [1m[35m (0.1ms)[0m  [1m[31mrollback transaction[0m
  [1m[36mTodo Load (0.1ms)[0m  [1m[34mSELECT  "todos".* FROM "todos" WHERE "todos"."id" = ? LIMIT ?[0m  [["id", 1], ["LIMIT", 1]]
Completed 200 OK in 90ms (Views: 0.3ms | ActiveRecord: 2.3ms)


Started PUT "/todo/1" for ::1 at 2019-06-12 17:48:35 +0700
Processing by TodoController#update as */*
  Parameters: {"done_flag"=>"trued", "id"=>"1", "todo"=>{"done_flag"=>"trued"}}
  [1m[36mTodo Load (0.2ms)[0m  [1m[34mSELECT  "todos".* FROM "todos" WHERE "todos"."id" = ? LIMIT ?[0m  [["id", 1], ["LIMIT", 1]]
  [1m[35m (0.1ms)[0m  [1m[36mbegin transaction[0m
  [1m[35m (0.1ms)[0m  [1m[31mrollback transaction[0m
  [1m[36mTodo Load (0.2ms)[0m  [1m[34mSELECT  "todos".* FROM "todos" WHERE "todos"."id" = ? LIMIT ?[0m  [["id", 1], ["LIMIT", 1]]
Completed 200 OK in 7ms (Views: 0.3ms | ActiveRecord: 0.6ms)


Started PUT "/todo/1" for ::1 at 2019-06-12 17:48:46 +0700
Processing by TodoController#update as */*
  Parameters: {"done_flag"=>"falsd", "id"=>"1", "todo"=>{"done_flag"=>"falsd"}}
  [1m[36mTodo Load (0.2ms)[0m  [1m[34mSELECT  "todos".* FROM "todos" WHERE "todos"."id" = ? LIMIT ?[0m  [["id", 1], ["LIMIT", 1]]
  [1m[35m (0.1ms)[0m  [1m[36mbegin transaction[0m
  [1m[35m (0.1ms)[0m  [1m[31mrollback transaction[0m
  [1m[36mTodo Load (0.2ms)[0m  [1m[34mSELECT  "todos".* FROM "todos" WHERE "todos"."id" = ? LIMIT ?[0m  [["id", 1], ["LIMIT", 1]]
Completed 200 OK in 8ms (Views: 0.5ms | ActiveRecord: 0.7ms)


Started PUT "/todo/1" for ::1 at 2019-06-12 17:48:51 +0700
Processing by TodoController#update as */*
  Parameters: {"done_flag"=>"falsd", "id"=>"1", "todo"=>{"done_flag"=>"falsd"}}
  [1m[36mTodo Load (0.2ms)[0m  [1m[34mSELECT  "todos".* FROM "todos" WHERE "todos"."id" = ? LIMIT ?[0m  [["id", 1], ["LIMIT", 1]]
  [1m[35m (0.1ms)[0m  [1m[36mbegin transaction[0m
  [1m[35m (0.1ms)[0m  [1m[31mrollback transaction[0m
  [1m[36mTodo Load (0.2ms)[0m  [1m[34mSELECT  "todos".* FROM "todos" WHERE "todos"."id" = ? LIMIT ?[0m  [["id", 1], ["LIMIT", 1]]
Completed 200 OK in 5ms (Views: 0.4ms | ActiveRecord: 0.6ms)


Started PUT "/todo/1" for ::1 at 2019-06-12 17:48:57 +0700
Processing by TodoController#update as */*
  Parameters: {"done_flag"=>"false", "id"=>"1", "todo"=>{"done_flag"=>"false"}}
  [1m[36mTodo Load (0.2ms)[0m  [1m[34mSELECT  "todos".* FROM "todos" WHERE "todos"."id" = ? LIMIT ?[0m  [["id", 1], ["LIMIT", 1]]
  [1m[35m (0.1ms)[0m  [1m[36mbegin transaction[0m
  [1m[35mSQL (0.6ms)[0m  [1m[33mUPDATE "todos" SET "done_flag" = ?, "updated_at" = ? WHERE "todos"."id" = ?[0m  [["done_flag", "false"], ["updated_at", "2019-06-12 10:48:57.376874"], ["id", 1]]
  [1m[35m (122.4ms)[0m  [1m[36mcommit transaction[0m
  [1m[36mTodo Load (0.2ms)[0m  [1m[34mSELECT  "todos".* FROM "todos" WHERE "todos"."id" = ? LIMIT ?[0m  [["id", 1], ["LIMIT", 1]]
Completed 200 OK in 132ms (Views: 0.4ms | ActiveRecord: 123.6ms)


Started PUT "/todo/1" for ::1 at 2019-06-12 17:57:12 +0700
Processing by TodoController#update as */*
  Parameters: {"done_flag"=>"false", "id"=>"1", "todo"=>{"done_flag"=>"false"}}
  [1m[36mTodo Load (0.3ms)[0m  [1m[34mSELECT  "todos".* FROM "todos" WHERE "todos"."id" = ? LIMIT ?[0m  [["id", 1], ["LIMIT", 1]]
  [1m[35m (0.1ms)[0m  [1m[36mbegin transaction[0m
  [1m[35m (0.1ms)[0m  [1m[36mcommit transaction[0m
  [1m[36mCACHE Todo Load (0.0ms)[0m  [1m[34mSELECT  "todos".* FROM "todos" WHERE "todos"."id" = ? LIMIT ?[0m  [["id", 1], ["LIMIT", 1]]
Completed 200 OK in 21ms (Views: 0.4ms | ActiveRecord: 2.6ms)


Started PUT "/todo/1" for ::1 at 2019-06-12 17:57:19 +0700
Processing by TodoController#update as */*
  Parameters: {"done_flag"=>"falseg", "id"=>"1", "todo"=>{"done_flag"=>"falseg"}}
  [1m[36mTodo Load (0.2ms)[0m  [1m[34mSELECT  "todos".* FROM "todos" WHERE "todos"."id" = ? LIMIT ?[0m  [["id", 1], ["LIMIT", 1]]
  [1m[35m (0.1ms)[0m  [1m[36mbegin transaction[0m
  [1m[35m (0.2ms)[0m  [1m[31mrollback transaction[0m
  [1m[36mTodo Load (0.2ms)[0m  [1m[34mSELECT  "todos".* FROM "todos" WHERE "todos"."id" = ? LIMIT ?[0m  [["id", 1], ["LIMIT", 1]]
Completed 200 OK in 6ms (Views: 0.6ms | ActiveRecord: 0.7ms)


Started PUT "/todo/1" for ::1 at 2019-06-12 17:57:34 +0700
Processing by TodoController#update as */*
  Parameters: {"done_flag"=>"true", "id"=>"1", "todo"=>{"done_flag"=>"true"}}
  [1m[36mTodo Load (0.2ms)[0m  [1m[34mSELECT  "todos".* FROM "todos" WHERE "todos"."id" = ? LIMIT ?[0m  [["id", 1], ["LIMIT", 1]]
  [1m[35m (0.1ms)[0m  [1m[36mbegin transaction[0m
  [1m[35mSQL (0.4ms)[0m  [1m[33mUPDATE "todos" SET "done_flag" = ?, "updated_at" = ? WHERE "todos"."id" = ?[0m  [["done_flag", "true"], ["updated_at", "2019-06-12 10:57:34.555279"], ["id", 1]]
  [1m[35m (184.0ms)[0m  [1m[36mcommit transaction[0m
  [1m[36mTodo Load (0.2ms)[0m  [1m[34mSELECT  "todos".* FROM "todos" WHERE "todos"."id" = ? LIMIT ?[0m  [["id", 1], ["LIMIT", 1]]
Completed 200 OK in 193ms (Views: 0.3ms | ActiveRecord: 184.8ms)


Started PUT "/todo/1" for ::1 at 2019-06-12 18:00:29 +0700
Processing by TodoController#update as */*
  Parameters: {"done_flag"=>"false", "id"=>"1", "todo"=>{"done_flag"=>"false"}}
  [1m[36mTodo Load (0.3ms)[0m  [1m[34mSELECT  "todos".* FROM "todos" WHERE "todos"."id" = ? LIMIT ?[0m  [["id", 1], ["LIMIT", 1]]
  [1m[35m (0.2ms)[0m  [1m[36mbegin transaction[0m
  [1m[35mSQL (0.5ms)[0m  [1m[33mUPDATE "todos" SET "done_flag" = ?, "updated_at" = ? WHERE "todos"."id" = ?[0m  [["done_flag", "false"], ["updated_at", "2019-06-12 11:00:29.234941"], ["id", 1]]
  [1m[35m (185.9ms)[0m  [1m[36mcommit transaction[0m
  [1m[36mTodo Load (0.3ms)[0m  [1m[34mSELECT  "todos".* FROM "todos" WHERE "todos"."id" = ? LIMIT ?[0m  [["id", 1], ["LIMIT", 1]]
Completed 200 OK in 216ms (Views: 0.4ms | ActiveRecord: 189.2ms)


Started PUT "/todo/1" for ::1 at 2019-06-12 18:00:42 +0700
Processing by TodoController#update as */*
  Parameters: {"done_flag"=>"truek", "id"=>"1", "todo"=>{"done_flag"=>"truek"}}
  [1m[36mTodo Load (0.1ms)[0m  [1m[34mSELECT  "todos".* FROM "todos" WHERE "todos"."id" = ? LIMIT ?[0m  [["id", 1], ["LIMIT", 1]]
  [1m[35m (0.1ms)[0m  [1m[36mbegin transaction[0m
  [1m[35m (0.1ms)[0m  [1m[31mrollback transaction[0m
  [1m[36mTodo Load (0.2ms)[0m  [1m[34mSELECT  "todos".* FROM "todos" WHERE "todos"."id" = ? LIMIT ?[0m  [["id", 1], ["LIMIT", 1]]
Completed 200 OK in 5ms (Views: 0.4ms | ActiveRecord: 0.5ms)


Started PUT "/todo/1" for ::1 at 2019-06-12 18:00:43 +0700
Processing by TodoController#update as */*
  Parameters: {"done_flag"=>"truek", "id"=>"1", "todo"=>{"done_flag"=>"truek"}}
  [1m[36mTodo Load (0.2ms)[0m  [1m[34mSELECT  "todos".* FROM "todos" WHERE "todos"."id" = ? LIMIT ?[0m  [["id", 1], ["LIMIT", 1]]
  [1m[35m (0.1ms)[0m  [1m[36mbegin transaction[0m
  [1m[35m (0.1ms)[0m  [1m[31mrollback transaction[0m
  [1m[36mTodo Load (0.2ms)[0m  [1m[34mSELECT  "todos".* FROM "todos" WHERE "todos"."id" = ? LIMIT ?[0m  [["id", 1], ["LIMIT", 1]]
Completed 200 OK in 7ms (Views: 0.5ms | ActiveRecord: 0.6ms)


Started PUT "/todo/1" for ::1 at 2019-06-12 18:00:49 +0700
Processing by TodoController#update as */*
  Parameters: {"done_flag"=>"true", "id"=>"1", "todo"=>{"done_flag"=>"true"}}
  [1m[36mTodo Load (0.2ms)[0m  [1m[34mSELECT  "todos".* FROM "todos" WHERE "todos"."id" = ? LIMIT ?[0m  [["id", 1], ["LIMIT", 1]]
  [1m[35m (0.1ms)[0m  [1m[36mbegin transaction[0m
  [1m[35mSQL (3.9ms)[0m  [1m[33mUPDATE "todos" SET "done_flag" = ?, "updated_at" = ? WHERE "todos"."id" = ?[0m  [["done_flag", "true"], ["updated_at", "2019-06-12 11:00:49.482671"], ["id", 1]]
  [1m[35m (126.1ms)[0m  [1m[36mcommit transaction[0m
  [1m[36mTodo Load (0.3ms)[0m  [1m[34mSELECT  "todos".* FROM "todos" WHERE "todos"."id" = ? LIMIT ?[0m  [["id", 1], ["LIMIT", 1]]
Completed 200 OK in 141ms (Views: 0.7ms | ActiveRecord: 130.6ms)


Started PUT "/todo/1" for ::1 at 2019-06-12 18:03:38 +0700
Processing by TodoController#update as */*
  Parameters: {"done_flag"=>"truew", "id"=>"1", "todo"=>{"done_flag"=>"truew"}}
  [1m[36mTodo Load (0.4ms)[0m  [1m[34mSELECT  "todos".* FROM "todos" WHERE "todos"."id" = ? LIMIT ?[0m  [["id", 1], ["LIMIT", 1]]
  [1m[35m (0.1ms)[0m  [1m[36mbegin transaction[0m
  [1m[35m (0.1ms)[0m  [1m[31mrollback transaction[0m
Completed 422 Unprocessable Entity in 23ms (Views: 0.4ms | ActiveRecord: 2.9ms)


Started DELETE "/todo/2" for ::1 at 2019-06-12 18:04:35 +0700
Processing by TodoController#destroy as */*
  Parameters: {"done_flag"=>"true", "id"=>"2", "todo"=>{"done_flag"=>"true"}}
  [1m[36mTodo Load (0.4ms)[0m  [1m[34mSELECT  "todos".* FROM "todos" WHERE "todos"."id" = ? LIMIT ?[0m  [["id", 2], ["LIMIT", 1]]
Completed 404 Not Found in 4ms (ActiveRecord: 1.8ms)


  
ActiveRecord::RecordNotFound (Couldn't find Todo with 'id'=2):
  
app/controllers/todo_controller.rb:56:in `set_todo'
Started DELETE "/todo/2" for ::1 at 2019-06-12 18:05:19 +0700
Processing by TodoController#destroy as */*
  Parameters: {"done_flag"=>"true", "id"=>"2", "todo"=>{"done_flag"=>"true"}}
  [1m[36mTodo Load (0.3ms)[0m  [1m[34mSELECT  "todos".* FROM "todos" WHERE "todos"."id" = ? LIMIT ?[0m  [["id", 2], ["LIMIT", 1]]
Completed 404 Not Found in 4ms (ActiveRecord: 1.9ms)


  
ActiveRecord::RecordNotFound (Couldn't find Todo with 'id'=2):
  
app/controllers/todo_controller.rb:57:in `set_todo'
Started DELETE "/todo/2" for ::1 at 2019-06-12 18:05:37 +0700
Processing by TodoController#destroy as */*
  Parameters: {"done_flag"=>"true", "id"=>"2", "todo"=>{"done_flag"=>"true"}}
  [1m[36mTodo Load (0.4ms)[0m  [1m[34mSELECT  "todos".* FROM "todos" WHERE "todos"."id" = ? LIMIT ?[0m  [["id", 2], ["LIMIT", 1]]
Completed 404 Not Found in 4ms (ActiveRecord: 2.3ms)


  
ActiveRecord::RecordNotFound (Couldn't find Todo with 'id'=2):
  
app/controllers/todo_controller.rb:57:in `set_todo'
Started DELETE "/todo/2" for ::1 at 2019-06-12 18:06:08 +0700
Processing by TodoController#destroy as */*
  Parameters: {"done_flag"=>"true", "id"=>"2", "todo"=>{"done_flag"=>"true"}}
  [1m[36mTodo Load (0.3ms)[0m  [1m[34mSELECT  "todos".* FROM "todos" WHERE "todos"."id" = ? LIMIT ?[0m  [["id", 2], ["LIMIT", 1]]
Completed 404 Not Found in 3ms (ActiveRecord: 2.7ms)


  
ActiveRecord::RecordNotFound (Couldn't find Todo with 'id'=2):
  
app/controllers/todo_controller.rb:59:in `set_todo'
Started DELETE "/todo/2" for ::1 at 2019-06-12 18:06:37 +0700
Processing by TodoController#destroy as */*
  Parameters: {"done_flag"=>"true", "id"=>"2", "todo"=>{"done_flag"=>"true"}}
  [1m[36mTodo Load (0.2ms)[0m  [1m[34mSELECT  "todos".* FROM "todos" WHERE "todos"."id" = ? LIMIT ?[0m  [["id", 2], ["LIMIT", 1]]
Completed 404 Not Found in 4ms (ActiveRecord: 2.0ms)


  
ActiveRecord::RecordNotFound (Couldn't find Todo with 'id'=2):
  
app/controllers/todo_controller.rb:59:in `set_todo'
Started DELETE "/todo/2" for ::1 at 2019-06-12 18:07:02 +0700
Processing by TodoController#destroy as */*
  Parameters: {"done_flag"=>"true", "id"=>"2", "todo"=>{"done_flag"=>"true"}}
  [1m[36mTodo Load (0.3ms)[0m  [1m[34mSELECT  "todos".* FROM "todos" WHERE "todos"."id" = ? LIMIT ?[0m  [["id", 2], ["LIMIT", 1]]
Completed 404 Not Found in 3ms (ActiveRecord: 2.2ms)


  
ActiveRecord::RecordNotFound (Couldn't find Todo with 'id'=2):
  
app/controllers/todo_controller.rb:59:in `set_todo'
Started DELETE "/todo/2" for ::1 at 2019-06-12 18:08:48 +0700
Processing by TodoController#destroy as */*
  Parameters: {"done_flag"=>"true", "id"=>"2", "todo"=>{"done_flag"=>"true"}}
  [1m[36mTodo Load (0.2ms)[0m  [1m[34mSELECT  "todos".* FROM "todos" WHERE "todos"."id" = ? LIMIT ?[0m  [["id", 2], ["LIMIT", 1]]
Completed 404 Not Found in 4ms (ActiveRecord: 2.3ms)


  
ActiveRecord::RecordNotFound (Couldn't find Todo with 'id'=2):
  
app/controllers/todo_controller.rb:59:in `set_todo'
Started DELETE "/todo/2" for ::1 at 2019-06-12 18:09:20 +0700
Processing by TodoController#destroy as */*
  Parameters: {"done_flag"=>"true", "id"=>"2", "todo"=>{"done_flag"=>"true"}}
  [1m[36mTodo Load (0.3ms)[0m  [1m[34mSELECT  "todos".* FROM "todos" WHERE "todos"."id" = ? LIMIT ?[0m  [["id", 2], ["LIMIT", 1]]
Completed 404 Not Found in 4ms (ActiveRecord: 3.2ms)


  
ActiveRecord::RecordNotFound (Couldn't find Todo with 'id'=2):
  
app/controllers/todo_controller.rb:59:in `set_todo'
Started DELETE "/todo/2" for ::1 at 2019-06-12 18:13:48 +0700
Processing by TodoController#destroy as */*
  Parameters: {"done_flag"=>"true", "id"=>"2", "todo"=>{"done_flag"=>"true"}}
  [1m[36mTodo Load (0.3ms)[0m  [1m[34mSELECT  "todos".* FROM "todos" WHERE "todos"."id" = ? LIMIT ?[0m  [["id", 2], ["LIMIT", 1]]
Completed 404 Not Found in 6ms (ActiveRecord: 2.4ms)


  
ActiveRecord::RecordNotFound (Couldn't find Todo with 'id'=2):
  
app/controllers/todo_controller.rb:59:in `set_todo'
Started DELETE "/todo/2" for ::1 at 2019-06-12 18:14:14 +0700
Processing by TodoController#destroy as */*
  Parameters: {"done_flag"=>"true", "id"=>"2", "todo"=>{"done_flag"=>"true"}}
  [1m[36mTodo Load (0.2ms)[0m  [1m[34mSELECT  "todos".* FROM "todos" WHERE "todos"."id" = ? LIMIT ?[0m  [["id", 2], ["LIMIT", 1]]
Completed 404 Not Found in 3ms (ActiveRecord: 1.9ms)


  
ActiveRecord::RecordNotFound (Couldn't find Todo with 'id'=2):
  
app/controllers/todo_controller.rb:59:in `set_todo'
Started GET "/" for 127.0.0.1 at 2019-06-13 16:42:55 +0700
  [1m[35m (0.4ms)[0m  [1m[34mSELECT "schema_migrations"."version" FROM "schema_migrations" ORDER BY "schema_migrations"."version" ASC[0m
Processing by Rails::WelcomeController#index as HTML
  Rendering /home/pengusaha/.rbenv/versions/2.4.0/lib/ruby/gems/2.4.0/gems/railties-5.1.7/lib/rails/templates/rails/welcome/index.html.erb
  Rendered /home/pengusaha/.rbenv/versions/2.4.0/lib/ruby/gems/2.4.0/gems/railties-5.1.7/lib/rails/templates/rails/welcome/index.html.erb (86.0ms)
Completed 200 OK in 616ms (Views: 336.0ms | ActiveRecord: 0.0ms)


Started GET "/todo" for ::1 at 2019-06-13 17:06:14 +0700
  [1m[35m (0.5ms)[0m  [1m[34mSELECT "schema_migrations"."version" FROM "schema_migrations" ORDER BY "schema_migrations"."version" ASC[0m
Processing by TodoController#index as */*
  Parameters: {"todo"=>{}}
  [1m[36mTodo Load (0.4ms)[0m  [1m[34mSELECT "todos".* FROM "todos"[0m
Completed 200 OK in 36ms (Views: 0.6ms | ActiveRecord: 2.0ms)


Started GET "/todo/2" for ::1 at 2019-06-13 17:06:57 +0700
Processing by TodoController#show as */*
  Parameters: {"id"=>"2", "todo"=>{}}
  [1m[36mTodo Load (0.2ms)[0m  [1m[34mSELECT  "todos".* FROM "todos" WHERE "todos"."id" = ? LIMIT ?[0m  [["id", 2], ["LIMIT", 11]]
Completed 500 Internal Server Error in 9ms (ActiveRecord: 0.0ms)


  
  [1m[36mCACHE Todo Load (0.0ms)[0m  [1m[34mSELECT  "todos".* FROM "todos" WHERE "todos"."id" = ? LIMIT ?[0m  [["id", 2], ["LIMIT", 11]]
NoMethodError (undefined method `exist?' for #<ActiveRecord::Relation []>
Did you mean?  exists?):
  
app/controllers/todo_controller.rb:60:in `set_todo'
  [1m[36mCACHE Todo Load (0.0ms)[0m  [1m[34mSELECT  "todos".* FROM "todos" WHERE "todos"."id" = ? LIMIT ?[0m  [["id", 2], ["LIMIT", 11]]
Started GET "/todo/2" for ::1 at 2019-06-13 17:07:13 +0700
Processing by TodoController#show as */*
  Parameters: {"id"=>"2", "todo"=>{}}
  [1m[36mTodo Exists (0.2ms)[0m  [1m[34mSELECT  1 AS one FROM "todos" WHERE "todos"."id" = ? LIMIT ?[0m  [["id", 2], ["LIMIT", 1]]
  [1m[36mTodo Load (0.2ms)[0m  [1m[34mSELECT "todos".* FROM "todos" WHERE "todos"."id" = ?[0m  [["id", 2]]
Completed 200 OK in 24ms (Views: 0.2ms | ActiveRecord: 1.6ms)


Started GET "/todo/2" for ::1 at 2019-06-13 17:09:05 +0700
Processing by TodoController#show as */*
  Parameters: {"id"=>"2", "todo"=>{}}
  [1m[36mTodo Exists (0.3ms)[0m  [1m[34mSELECT  1 AS one FROM "todos" WHERE "todos"."id" = ? LIMIT ?[0m  [["id", 2], ["LIMIT", 1]]
  [1m[36mTodo Load (0.3ms)[0m  [1m[34mSELECT "todos".* FROM "todos" WHERE "todos"."id" = ?[0m  [["id", 2]]
Completed 200 OK in 5ms (Views: 0.2ms | ActiveRecord: 2.5ms)


Started GET "/todo/2" for ::1 at 2019-06-13 17:10:08 +0700
  
SyntaxError (/home/pengusaha/Documents/daya dimensi test/fullstack-coding-test/backend/solution/todo-list/app/controllers/todo_controller.rb:26: syntax error, unexpected keyword_end, expecting '}'
    end
       ^
/home/pengusaha/Documents/daya dimensi test/fullstack-coding-test/backend/solution/todo-list/app/controllers/todo_controller.rb:66: syntax error, unexpected end-of-input, expecting keyword_end):
  
app/controllers/todo_controller.rb:26: syntax error, unexpected keyword_end, expecting '}'
app/controllers/todo_controller.rb:66: syntax error, unexpected end-of-input, expecting keyword_end
Started GET "/todo/2" for ::1 at 2019-06-13 17:10:43 +0700
Processing by TodoController#show as */*
  Parameters: {"id"=>"2", "todo"=>{}}
  [1m[36mTodo Exists (0.3ms)[0m  [1m[34mSELECT  1 AS one FROM "todos" WHERE "todos"."id" = ? LIMIT ?[0m  [["id", 2], ["LIMIT", 1]]
  [1m[36mTodo Load (0.5ms)[0m  [1m[34mSELECT "todos".* FROM "todos" WHERE "todos"."id" = ?[0m  [["id", 2]]
Completed 200 OK in 5ms (Views: 0.5ms | ActiveRecord: 1.7ms)


Started GET "/todo/2" for ::1 at 2019-06-13 17:11:21 +0700
Processing by TodoController#show as */*
  Parameters: {"id"=>"2", "todo"=>{}}
  [1m[36mTodo Load (0.3ms)[0m  [1m[34mSELECT "todos".* FROM "todos" WHERE "todos"."id" = ?[0m  [["id", 2]]
Completed 200 OK in 3ms (Views: 0.3ms | ActiveRecord: 2.3ms)


Started GET "/todo/2" for ::1 at 2019-06-13 17:11:53 +0700
Processing by TodoController#show as */*
  Parameters: {"id"=>"2", "todo"=>{}}
  [1m[36mTodo Load (0.3ms)[0m  [1m[34mSELECT "todos".* FROM "todos" WHERE "todos"."id" = ?[0m  [["id", 2]]
Completed 200 OK in 3ms (Views: 0.3ms | ActiveRecord: 2.2ms)


Started GET "/todo/2" for ::1 at 2019-06-13 17:12:14 +0700
Processing by TodoController#show as */*
  Parameters: {"id"=>"2", "todo"=>{}}
  [1m[36mTodo Exists (0.3ms)[0m  [1m[34mSELECT  1 AS one FROM "todos" WHERE "todos"."id" = ? LIMIT ?[0m  [["id", 2], ["LIMIT", 1]]
Completed 404 Not Found in 5ms (Views: 0.4ms | ActiveRecord: 2.0ms)


Started GET "/todo/2" for ::1 at 2019-06-13 17:14:26 +0700
Processing by TodoController#show as */*
  Parameters: {"id"=>"2", "todo"=>{}}
  [1m[36mTodo Exists (0.3ms)[0m  [1m[34mSELECT  1 AS one FROM "todos" WHERE "todos"."id" = ? LIMIT ?[0m  [["id", 2], ["LIMIT", 1]]
Filter chain halted as :set_todo rendered or redirected
Completed 404 Not Found in 4ms (Views: 0.5ms | ActiveRecord: 1.5ms)


Started DELETE "/todo/2" for ::1 at 2019-06-13 17:14:38 +0700
Processing by TodoController#destroy as */*
  Parameters: {"done_flag"=>"true", "id"=>"2", "todo"=>{"done_flag"=>"true"}}
  [1m[36mTodo Exists (0.2ms)[0m  [1m[34mSELECT  1 AS one FROM "todos" WHERE "todos"."id" = ? LIMIT ?[0m  [["id", 2], ["LIMIT", 1]]
Filter chain halted as :set_todo rendered or redirected
Completed 404 Not Found in 1ms (Views: 0.2ms | ActiveRecord: 0.2ms)


Started DELETE "/todo/2" for ::1 at 2019-06-13 17:15:30 +0700
Processing by TodoController#destroy as */*
  Parameters: {"done_flag"=>"true", "id"=>"2", "todo"=>{"done_flag"=>"true"}}
  [1m[36mTodo Exists (0.4ms)[0m  [1m[34mSELECT  1 AS one FROM "todos" WHERE "todos"."id" = ? LIMIT ?[0m  [["id", 2], ["LIMIT", 1]]
Filter chain halted as :set_todo rendered or redirected
Completed 404 Not Found in 4ms (Views: 0.2ms | ActiveRecord: 1.8ms)


Started DELETE "/todo/2" for ::1 at 2019-06-13 17:15:52 +0700
Processing by TodoController#destroy as */*
  Parameters: {"done_flag"=>"true", "id"=>"2", "todo"=>{"done_flag"=>"true"}}
  [1m[36mTodo Exists (0.3ms)[0m  [1m[34mSELECT  1 AS one FROM "todos" WHERE "todos"."id" = ? LIMIT ?[0m  [["id", 2], ["LIMIT", 1]]
Filter chain halted as :set_todo rendered or redirected
Completed 404 Not Found in 3ms (Views: 0.3ms | ActiveRecord: 1.3ms)


Started POST "/todo" for ::1 at 2019-06-13 17:18:21 +0700
Processing by TodoController#create as */*
  Parameters: {"title"=>"qwr", "deadline"=>"2019", "todo"=>{"title"=>"qwr", "deadline"=>"2019"}}
Unpermitted parameter: :todo
  [1m[35m (0.1ms)[0m  [1m[36mbegin transaction[0m
  [1m[35m (0.1ms)[0m  [1m[31mrollback transaction[0m
Completed 422 Unprocessable Entity in 147ms (Views: 0.2ms | ActiveRecord: 2.9ms)


Started POST "/todo" for ::1 at 2019-06-13 17:18:34 +0700
Processing by TodoController#create as */*
  Parameters: {"title"=>"qwr", "deadline"=>"2019-08-11", "todo"=>{"title"=>"qwr", "deadline"=>"2019-08-11"}}
Unpermitted parameter: :todo
  [1m[35m (0.1ms)[0m  [1m[36mbegin transaction[0m
  [1m[35mSQL (1.3ms)[0m  [1m[32mINSERT INTO "todos" ("title", "deadline", "created_at", "updated_at") VALUES (?, ?, ?, ?)[0m  [["title", "qwr"], ["deadline", "2019-08-11"], ["created_at", "2019-06-13 10:18:34.924868"], ["updated_at", "2019-06-13 10:18:34.924868"]]
  [1m[35m (147.9ms)[0m  [1m[36mcommit transaction[0m
Completed 201 Created in 153ms (Views: 0.3ms | ActiveRecord: 149.3ms)


Started GET "/todo/6" for ::1 at 2019-06-13 17:18:47 +0700
Processing by TodoController#show as */*
  Parameters: {"id"=>"6", "todo"=>{}}
  [1m[36mTodo Exists (0.5ms)[0m  [1m[34mSELECT  1 AS one FROM "todos" WHERE "todos"."id" = ? LIMIT ?[0m  [["id", 6], ["LIMIT", 1]]
  [1m[36mTodo Load (0.2ms)[0m  [1m[34mSELECT "todos".* FROM "todos" WHERE "todos"."id" = ?[0m  [["id", 6]]
Completed 200 OK in 6ms (Views: 0.2ms | ActiveRecord: 0.7ms)


Started PUT "/todo/6" for ::1 at 2019-06-13 17:19:02 +0700
Processing by TodoController#update as */*
  Parameters: {"done_flag"=>"true", "id"=>"6", "todo"=>{"done_flag"=>"true"}}
  [1m[36mTodo Exists (0.3ms)[0m  [1m[34mSELECT  1 AS one FROM "todos" WHERE "todos"."id" = ? LIMIT ?[0m  [["id", 6], ["LIMIT", 1]]
  [1m[36mTodo Load (0.3ms)[0m  [1m[34mSELECT "todos".* FROM "todos" WHERE "todos"."id" = ?[0m  [["id", 6]]
  [1m[35m (0.1ms)[0m  [1m[36mbegin transaction[0m
  [1m[35mSQL (0.5ms)[0m  [1m[33mUPDATE "todos" SET "done_flag" = ?, "updated_at" = ? WHERE "todos"."id" = ?[0m  [["done_flag", "true"], ["updated_at", "2019-06-13 10:19:02.624977"], ["id", 6]]
  [1m[35m (140.9ms)[0m  [1m[36mcommit transaction[0m
  [1m[36mTodo Exists (0.2ms)[0m  [1m[34mSELECT  1 AS one FROM "todos" WHERE "todos"."id" = ? LIMIT ?[0m  [["id", 6], ["LIMIT", 1]]
  [1m[36mTodo Load (0.2ms)[0m  [1m[34mSELECT "todos".* FROM "todos" WHERE "todos"."id" = ?[0m  [["id", 6]]
Completed 200 OK in 150ms (Views: 0.2ms | ActiveRecord: 142.4ms)


Started DELETE "/todo/6" for ::1 at 2019-06-13 17:19:13 +0700
Processing by TodoController#destroy as */*
  Parameters: {"done_flag"=>"true", "id"=>"6", "todo"=>{"done_flag"=>"true"}}
  [1m[36mTodo Exists (0.3ms)[0m  [1m[34mSELECT  1 AS one FROM "todos" WHERE "todos"."id" = ? LIMIT ?[0m  [["id", 6], ["LIMIT", 1]]
Completed 500 Internal Server Error in 2ms (ActiveRecord: 0.3ms)


  
ArgumentError (wrong number of arguments (given 0, expected 1)):
  
app/controllers/todo_controller.rb:37:in `destroy'
Started DELETE "/todo/6" for ::1 at 2019-06-13 17:20:15 +0700
Processing by TodoController#destroy as */*
  Parameters: {"done_flag"=>"true", "id"=>"6", "todo"=>{"done_flag"=>"true"}}
  [1m[36mTodo Load (0.4ms)[0m  [1m[34mSELECT  "todos".* FROM "todos" WHERE "todos"."id" = ? ORDER BY "todos"."id" ASC LIMIT ?[0m  [["id", 6], ["LIMIT", 1]]
Completed 500 Internal Server Error in 38ms (ActiveRecord: 2.0ms)


  
NoMethodError (undefined method `exists?' for #<Todo:0x1d25c5c>):
  
app/controllers/todo_controller.rb:54:in `set_todo'
Started GET "/todo" for ::1 at 2019-06-13 17:20:40 +0700
Processing by TodoController#index as */*
  Parameters: {"todo"=>{}}
  [1m[36mTodo Load (0.4ms)[0m  [1m[34mSELECT "todos".* FROM "todos"[0m
Completed 200 OK in 18ms (Views: 0.6ms | ActiveRecord: 2.4ms)


Started PUT "/todo/6" for ::1 at 2019-06-13 17:21:00 +0700
Processing by TodoController#update as */*
  Parameters: {"done_flag"=>"false", "id"=>"6", "todo"=>{"done_flag"=>"false"}}
  [1m[36mTodo Exists (0.2ms)[0m  [1m[34mSELECT  1 AS one FROM "todos" WHERE "todos"."id" = ? LIMIT ?[0m  [["id", 6], ["LIMIT", 1]]
  [1m[36mTodo Load (0.3ms)[0m  [1m[34mSELECT "todos".* FROM "todos" WHERE "todos"."id" = ?[0m  [["id", 6]]
  [1m[35m (0.1ms)[0m  [1m[36mbegin transaction[0m
  [1m[35mSQL (1.6ms)[0m  [1m[33mUPDATE "todos" SET "done_flag" = ?, "updated_at" = ? WHERE "todos"."id" = ?[0m  [["done_flag", "false"], ["updated_at", "2019-06-13 10:21:00.123927"], ["id", 6]]
  [1m[35m (155.2ms)[0m  [1m[36mcommit transaction[0m
  [1m[36mTodo Exists (0.2ms)[0m  [1m[34mSELECT  1 AS one FROM "todos" WHERE "todos"."id" = ? LIMIT ?[0m  [["id", 6], ["LIMIT", 1]]
  [1m[36mTodo Load (0.2ms)[0m  [1m[34mSELECT "todos".* FROM "todos" WHERE "todos"."id" = ?[0m  [["id", 6]]
Completed 200 OK in 166ms (Views: 0.2ms | ActiveRecord: 157.9ms)


Started DELETE "/todo/6" for ::1 at 2019-06-13 17:21:09 +0700
Processing by TodoController#destroy as */*
  Parameters: {"done_flag"=>"true", "id"=>"6", "todo"=>{"done_flag"=>"true"}}
  [1m[36mTodo Exists (0.3ms)[0m  [1m[34mSELECT  1 AS one FROM "todos" WHERE "todos"."id" = ? LIMIT ?[0m  [["id", 6], ["LIMIT", 1]]
Completed 500 Internal Server Error in 2ms (ActiveRecord: 0.3ms)


  
ArgumentError (wrong number of arguments (given 0, expected 1)):
  
app/controllers/todo_controller.rb:37:in `destroy'
Started DELETE "/todo/6" for ::1 at 2019-06-13 17:22:54 +0700
Processing by TodoController#destroy as */*
  Parameters: {"done_flag"=>"true", "id"=>"6", "todo"=>{"done_flag"=>"true"}}
  [1m[36mTodo Load (0.4ms)[0m  [1m[34mSELECT  "todos".* FROM "todos" WHERE "todos"."id" = ? LIMIT ?[0m  [["id", 6], ["LIMIT", 11]]
  [1m[36mTodo Exists (0.3ms)[0m  [1m[34mSELECT  1 AS one FROM "todos" WHERE "todos"."id" = ? LIMIT ?[0m  [["id", 6], ["LIMIT", 1]]
Completed 500 Internal Server Error in 20ms (ActiveRecord: 3.7ms)


  
ArgumentError (wrong number of arguments (given 0, expected 1)):
  
app/controllers/todo_controller.rb:37:in `destroy'
Started DELETE "/todo/6" for ::1 at 2019-06-13 17:23:16 +0700
Processing by TodoController#destroy as */*
  Parameters: {"done_flag"=>"true", "id"=>"6", "todo"=>{"done_flag"=>"true"}}
  [1m[36mTodo Load (0.3ms)[0m  [1m[34mSELECT  "todos".* FROM "todos" WHERE "todos"."id" = ? LIMIT ?[0m  [["id", 6], ["LIMIT", 11]]
  [1m[36mTodo Exists (0.2ms)[0m  [1m[34mSELECT  1 AS one FROM "todos" WHERE "todos"."id" = ? LIMIT ?[0m  [["id", 6], ["LIMIT", 1]]
Completed 500 Internal Server Error in 6ms (ActiveRecord: 0.6ms)


  
ArgumentError (wrong number of arguments (given 0, expected 1)):
  
app/controllers/todo_controller.rb:37:in `destroy'
Started DELETE "/todo/6" for ::1 at 2019-06-13 17:23:41 +0700
Processing by TodoController#destroy as */*
  Parameters: {"done_flag"=>"true", "id"=>"6", "todo"=>{"done_flag"=>"true"}}
  [1m[36mTodo Load (0.3ms)[0m  [1m[34mSELECT  "todos".* FROM "todos" WHERE "todos"."id" = ? ORDER BY "todos"."id" ASC LIMIT ?[0m  [["id", 6], ["LIMIT", 1]]
Completed 500 Internal Server Error in 38ms (ActiveRecord: 2.4ms)


  
NoMethodError (undefined method `exists?' for #<Todo:0xb4d6603c>):
  
app/controllers/todo_controller.rb:55:in `set_todo'
Started DELETE "/todo/6" for ::1 at 2019-06-13 17:24:42 +0700
Processing by TodoController#destroy as */*
  Parameters: {"done_flag"=>"true", "id"=>"6", "todo"=>{"done_flag"=>"true"}}
  [1m[36mTodo Load (0.6ms)[0m  [1m[34mSELECT  "todos".* FROM "todos" WHERE "todos"."id" = ? ORDER BY "todos"."id" ASC LIMIT ?[0m  [["id", 6], ["LIMIT", 1]]
Completed 500 Internal Server Error in 38ms (ActiveRecord: 2.7ms)


  
NoMethodError (undefined method `exists?' for #<Todo:0xb4cabe08>):
  
app/controllers/todo_controller.rb:55:in `set_todo'
Started DELETE "/todo/6" for ::1 at 2019-06-13 17:27:01 +0700
Processing by TodoController#destroy as */*
  Parameters: {"done_flag"=>"true", "id"=>"6", "todo"=>{"done_flag"=>"true"}}
  [1m[36mTodo Load (0.3ms)[0m  [1m[34mSELECT  "todos".* FROM "todos" WHERE "todos"."id" = ? ORDER BY "todos"."id" ASC LIMIT ?[0m  [["id", 6], ["LIMIT", 1]]
Completed 500 Internal Server Error in 32ms (ActiveRecord: 3.4ms)


  
NoMethodError (undefined method `exists?' for #<Todo:0xb4d4fbd4>):
  
app/controllers/todo_controller.rb:55:in `set_todo'
Started PUT "/todo/6" for ::1 at 2019-06-13 17:27:09 +0700
Processing by TodoController#update as */*
  Parameters: {"done_flag"=>"true", "id"=>"6", "todo"=>{"done_flag"=>"true"}}
  [1m[36mTodo Load (0.4ms)[0m  [1m[34mSELECT  "todos".* FROM "todos" WHERE "todos"."id" = ? ORDER BY "todos"."id" ASC LIMIT ?[0m  [["id", 6], ["LIMIT", 1]]
Completed 500 Internal Server Error in 19ms (ActiveRecord: 0.4ms)


  
NoMethodError (undefined method `exists?' for #<Todo:0x227a4dc>):
  
app/controllers/todo_controller.rb:55:in `set_todo'
Started PUT "/todo/6" for ::1 at 2019-06-13 17:28:30 +0700
Processing by TodoController#update as */*
  Parameters: {"done_flag"=>"true", "id"=>"6", "todo"=>{"done_flag"=>"true"}}
  [1m[36mTodo Exists (0.4ms)[0m  [1m[34mSELECT  1 AS one FROM "todos" WHERE "todos"."id" = ? LIMIT ?[0m  [["id", 6], ["LIMIT", 1]]
  [1m[36mTodo Load (0.4ms)[0m  [1m[34mSELECT "todos".* FROM "todos" WHERE "todos"."id" = ?[0m  [["id", 6]]
  [1m[35m (0.1ms)[0m  [1m[36mbegin transaction[0m
  [1m[35mSQL (0.6ms)[0m  [1m[33mUPDATE "todos" SET "done_flag" = ?, "updated_at" = ? WHERE "todos"."id" = ?[0m  [["done_flag", "true"], ["updated_at", "2019-06-13 10:28:30.921991"], ["id", 6]]
  [1m[35m (208.2ms)[0m  [1m[36mcommit transaction[0m
  [1m[36mTodo Exists (0.3ms)[0m  [1m[34mSELECT  1 AS one FROM "todos" WHERE "todos"."id" = ? LIMIT ?[0m  [["id", 6], ["LIMIT", 1]]
  [1m[36mTodo Load (0.5ms)[0m  [1m[34mSELECT "todos".* FROM "todos" WHERE "todos"."id" = ?[0m  [["id", 6]]
Completed 200 OK in 241ms (Views: 0.5ms | ActiveRecord: 212.4ms)


Started DELETE "/todo/6" for ::1 at 2019-06-13 17:28:35 +0700
Processing by TodoController#destroy as */*
  Parameters: {"done_flag"=>"true", "id"=>"6", "todo"=>{"done_flag"=>"true"}}
  [1m[36mTodo Exists (0.3ms)[0m  [1m[34mSELECT  1 AS one FROM "todos" WHERE "todos"."id" = ? LIMIT ?[0m  [["id", 6], ["LIMIT", 1]]
Completed 500 Internal Server Error in 2ms (ActiveRecord: 0.3ms)


  
ArgumentError (wrong number of arguments (given 0, expected 1)):
  
app/controllers/todo_controller.rb:37:in `destroy'
Started GET "/todo" for ::1 at 2019-06-13 17:30:03 +0700
Processing by TodoController#index as */*
  Parameters: {"todo"=>{}}
  [1m[36mTodo Load (0.3ms)[0m  [1m[34mSELECT "todos".* FROM "todos"[0m
Completed 200 OK in 12ms (Views: 0.6ms | ActiveRecord: 1.8ms)


Started GET "/todo/1" for ::1 at 2019-06-13 17:30:10 +0700
Processing by TodoController#show as */*
  Parameters: {"id"=>"1", "todo"=>{}}
  [1m[36mTodo Load (0.7ms)[0m  [1m[34mSELECT  "todos".* FROM "todos" WHERE "todos"."id" = ? ORDER BY "todos"."id" ASC LIMIT ?[0m  [["id", 1], ["LIMIT", 1]]
Completed 500 Internal Server Error in 232ms (ActiveRecord: 0.7ms)


  
NameError (undefined local variable or method `id' for #<TodoController:0x1c3cffc>):
  
app/controllers/todo_controller.rb:55:in `set_todo'
Started GET "/todo/1" for ::1 at 2019-06-13 17:30:50 +0700
Processing by TodoController#show as */*
  Parameters: {"id"=>"1", "todo"=>{}}
  [1m[36mTodo Load (0.2ms)[0m  [1m[34mSELECT  "todos".* FROM "todos" WHERE "todos"."id" = ? ORDER BY "todos"."id" ASC LIMIT ?[0m  [["id", 1], ["LIMIT", 1]]
Completed 500 Internal Server Error in 31ms (ActiveRecord: 2.6ms)


  
NoMethodError (undefined method `exists?' for #<Todo:0xb4e61e78>):
  
app/controllers/todo_controller.rb:55:in `set_todo'
Started GET "/todo/1" for ::1 at 2019-06-13 17:32:16 +0700
Processing by TodoController#show as */*
  Parameters: {"id"=>"1", "todo"=>{}}
  [1m[36mTodo Load (0.3ms)[0m  [1m[34mSELECT  "todos".* FROM "todos" WHERE "todos"."id" = ? ORDER BY "todos"."id" ASC LIMIT ?[0m  [["id", 1], ["LIMIT", 1]]
Completed 500 Internal Server Error in 21ms (ActiveRecord: 2.1ms)


  
NoMethodError (undefined method `exists?' for 1:Integer):
  
app/controllers/todo_controller.rb:55:in `set_todo'
Started GET "/todo/1" for ::1 at 2019-06-13 17:32:44 +0700
Processing by TodoController#show as */*
  Parameters: {"id"=>"1", "todo"=>{}}
  [1m[36mTodo Exists (0.3ms)[0m  [1m[34mSELECT  1 AS one FROM "todos" WHERE "todos"."id" = ? LIMIT ?[0m  [["id", 1], ["LIMIT", 1]]
  [1m[36mTodo Load (0.3ms)[0m  [1m[34mSELECT "todos".* FROM "todos" WHERE "todos"."id" = ?[0m  [["id", 1]]
Completed 200 OK in 19ms (Views: 0.5ms | ActiveRecord: 2.5ms)


Started GET "/todo" for ::1 at 2019-06-13 17:33:01 +0700
Processing by TodoController#index as */*
  Parameters: {"todo"=>{}}
  [1m[36mTodo Load (0.5ms)[0m  [1m[34mSELECT "todos".* FROM "todos"[0m
Completed 200 OK in 5ms (Views: 0.9ms | ActiveRecord: 0.5ms)


Started DELETE "/todo/6" for ::1 at 2019-06-13 17:33:08 +0700
Processing by TodoController#destroy as */*
  Parameters: {"done_flag"=>"true", "id"=>"6", "todo"=>{"done_flag"=>"true"}}
  [1m[36mTodo Exists (0.3ms)[0m  [1m[34mSELECT  1 AS one FROM "todos" WHERE "todos"."id" = ? LIMIT ?[0m  [["id", 6], ["LIMIT", 1]]
Completed 500 Internal Server Error in 2ms (ActiveRecord: 0.3ms)


  
ArgumentError (wrong number of arguments (given 0, expected 1)):
  
app/controllers/todo_controller.rb:37:in `destroy'
Started DELETE "/todo/6" for ::1 at 2019-06-13 17:33:40 +0700
Processing by TodoController#destroy as */*
  Parameters: {"done_flag"=>"true", "id"=>"6", "todo"=>{"done_flag"=>"true"}}
  [1m[36mTodo Exists (0.3ms)[0m  [1m[34mSELECT  1 AS one FROM "todos" WHERE "todos"."id" = ? LIMIT ?[0m  [["id", 6], ["LIMIT", 1]]
  [1m[36mTodo Load (0.2ms)[0m  [1m[34mSELECT  "todos".* FROM "todos" WHERE "todos"."id" = ? AND "todos"."id" = ? LIMIT ?[0m  [["id", 6], ["id", 6], ["LIMIT", 1]]
  [1m[35m (0.1ms)[0m  [1m[36mbegin transaction[0m
  [1m[35mSQL (17.6ms)[0m  [1m[31mDELETE FROM "todos" WHERE "todos"."id" = ?[0m  [["id", 6]]
  [1m[35m (152.4ms)[0m  [1m[36mcommit transaction[0m
Completed 204 No Content in 189ms (ActiveRecord: 172.9ms)


Started GET "/todo" for ::1 at 2019-06-13 17:33:47 +0700
Processing by TodoController#index as */*
  Parameters: {"todo"=>{}}
  [1m[36mTodo Load (0.3ms)[0m  [1m[34mSELECT "todos".* FROM "todos"[0m
Completed 200 OK in 4ms (Views: 0.7ms | ActiveRecord: 0.3ms)


